Using pre-set license
Built from '2020.3/staging' branch; Version is '2020.3.10f1 (297d780c91bc) revision 2719096'; Using compiler version '192528614'; Build Type 'Release'
OS: 'Windows 10 Education; OS build 19042.1165; Version 2009; 64bit' Language: 'en' Physical Memory: 16326 MB
BatchMode: 1, IsHumanControllingUs: 0, StartBugReporterOnCrash: 0, Is64bit: 1, IsPro: 0

 COMMAND LINE ARGUMENTS:
F:\Unity\2019.4.17f1\Editor\Unity.exe
-adb2
-batchMode
-noUpm
-name
AssetImportWorker0
-projectPath
F:/Git/Games/Rpg/Rpg/MyRpg
-logFile
Logs/AssetImportWorker0.log
-srvPort
56917
Successfully changed project path to: F:/Git/Games/Rpg/Rpg/MyRpg
F:/Git/Games/Rpg/Rpg/MyRpg
Using Asset Import Pipeline V2.
Refreshing native plugins compatible for Editor in 75.44 ms, found 3 plugins.
Preloading 0 native plugins for Editor in 0.00 ms.
Initialize engine version: 2020.3.10f1 (297d780c91bc)
[Subsystems] Discovering subsystems at path F:/Unity/2019.4.17f1/Editor/Data/Resources/UnitySubsystems
[Subsystems] Discovering subsystems at path F:/Git/Games/Rpg/Rpg/MyRpg/Assets
GfxDevice: creating device client; threaded=0
Direct3D:
    Version:  Direct3D 11.0 [level 11.1]
    Renderer: NVIDIA GeForce RTX 2060 SUPER (ID=0x1f06)
    Vendor:   
    VRAM:     8031 MB
    Driver:   30.0.14.7111
Initialize mono
Mono path[0] = 'F:/Unity/2019.4.17f1/Editor/Data/Managed'
Mono path[1] = 'F:/Unity/2019.4.17f1/Editor/Data/MonoBleedingEdge/lib/mono/unityjit'
Mono config path = 'F:/Unity/2019.4.17f1/Editor/Data/MonoBleedingEdge/etc'
Using monoOptions --debugger-agent=transport=dt_socket,embedding=1,server=y,suspend=n,address=127.0.0.1:56252
Begin MonoManager ReloadAssembly
Registering precompiled unity dll's ...
Register platform support module: F:/Unity/2019.4.17f1/Editor/Data/PlaybackEngines/WindowsStandaloneSupport/UnityEditor.WindowsStandalone.Extensions.dll
Registered in 0.000917 seconds.
Native extension for WindowsStandalone target not found
Refreshing native plugins compatible for Editor in 68.11 ms, found 3 plugins.
Preloading 0 native plugins for Editor in 0.00 ms.
Mono: successfully reloaded assembly
- Completed reload, in  0.776 seconds
Platform modules already initialized, skipping
Registering precompiled user dll's ...
Registered in 0.003193 seconds.
Begin MonoManager ReloadAssembly
Native extension for WindowsStandalone target not found
Refreshing native plugins compatible for Editor in 67.93 ms, found 3 plugins.
Preloading 0 native plugins for Editor in 0.00 ms.
Mono: successfully reloaded assembly
- Completed reload, in  0.944 seconds
Platform modules already initialized, skipping
========================================================================
Worker process is ready to serve import requests
Launched and connected shader compiler UnityShaderCompiler.exe after 0.04 seconds
Refreshing native plugins compatible for Editor in 0.87 ms, found 3 plugins.
Preloading 0 native plugins for Editor in 0.00 ms.
Unloading 2415 Unused Serialized files (Serialized files now loaded: 0)
System memory in use before: 107.0 MB.
System memory in use after: 107.1 MB.

Unloading 36 unused Assets to reduce memory usage. Loaded Objects now: 2854.
Total: 2.210900 ms (FindLiveObjects: 0.243000 ms CreateObjectMapping: 0.091000 ms MarkObjects: 1.771600 ms  DeleteObjects: 0.104400 ms)

========================================================================
Received Import Request.
  path: Assets/Ink/Demos/Basic Demo/Prefabs/Button.prefab
  artifactKey: Guid(37c108a6c38964f79a6621eccb33ddc1) Importer(815301076,1909f56bfc062723c751e8b465ee728b)
Start importing Assets/Ink/Demos/Basic Demo/Prefabs/Button.prefab using Guid(37c108a6c38964f79a6621eccb33ddc1) Importer(815301076,1909f56bfc062723c751e8b465ee728b)  -> (artifact id: 'f61e0915cb7fe48c66b9ae821d6699cb') in 0.050035 seconds
  Import took 0.053769 seconds .

========================================================================
Received Import Request.
  Time since last request: 0.000295 seconds.
  path: Assets/Ink/Demos/Basic Demo/Prefabs/Text.prefab
  artifactKey: Guid(1aab6ef84d87c416f8f0b3e1ef3d77d2) Importer(815301076,1909f56bfc062723c751e8b465ee728b)
Start importing Assets/Ink/Demos/Basic Demo/Prefabs/Text.prefab using Guid(1aab6ef84d87c416f8f0b3e1ef3d77d2) Importer(815301076,1909f56bfc062723c751e8b465ee728b)  -> (artifact id: '0fbb28acae43aa48327462c38c525b7e') in 0.002527 seconds
  Import took 0.006015 seconds .

========================================================================
Received Prepare
Registering precompiled user dll's ...
Registered in 0.003881 seconds.
Begin MonoManager ReloadAssembly
Native extension for WindowsStandalone target not found
Refreshing native plugins compatible for Editor in 0.80 ms, found 3 plugins.
Preloading 0 native plugins for Editor in 0.00 ms.
Mono: successfully reloaded assembly
- Completed reload, in  0.888 seconds
Platform modules already initialized, skipping
Refreshing native plugins compatible for Editor in 0.93 ms, found 3 plugins.
Preloading 0 native plugins for Editor in 0.00 ms.
Unloading 2408 Unused Serialized files (Serialized files now loaded: 0)
System memory in use before: 107.0 MB.
System memory in use after: 107.1 MB.

Unloading 25 unused Assets to reduce memory usage. Loaded Objects now: 2860.
Total: 2.511300 ms (FindLiveObjects: 0.232700 ms CreateObjectMapping: 0.136100 ms MarkObjects: 1.994300 ms  DeleteObjects: 0.147300 ms)

========================================================================
Received Prepare
Registering precompiled user dll's ...
Registered in 0.004002 seconds.
Begin MonoManager ReloadAssembly
Native extension for WindowsStandalone target not found
Refreshing native plugins compatible for Editor in 1.21 ms, found 3 plugins.
Preloading 0 native plugins for Editor in 0.00 ms.
Mono: successfully reloaded assembly
- Completed reload, in  0.898 seconds
Platform modules already initialized, skipping
Refreshing native plugins compatible for Editor in 0.83 ms, found 3 plugins.
Preloading 0 native plugins for Editor in 0.00 ms.
Unloading 2408 Unused Serialized files (Serialized files now loaded: 0)
System memory in use before: 107.1 MB.
System memory in use after: 107.2 MB.

Unloading 24 unused Assets to reduce memory usage. Loaded Objects now: 2864.
Total: 2.362300 ms (FindLiveObjects: 0.346800 ms CreateObjectMapping: 0.231600 ms MarkObjects: 1.696900 ms  DeleteObjects: 0.085900 ms)

========================================================================
Received Prepare
Registering precompiled user dll's ...
Registered in 0.003645 seconds.
Begin MonoManager ReloadAssembly
Native extension for WindowsStandalone target not found
Refreshing native plugins compatible for Editor in 0.83 ms, found 3 plugins.
Preloading 0 native plugins for Editor in 0.00 ms.
Mono: successfully reloaded assembly
- Completed reload, in  0.843 seconds
Platform modules already initialized, skipping
Refreshing native plugins compatible for Editor in 1.09 ms, found 3 plugins.
Preloading 0 native plugins for Editor in 0.00 ms.
Unloading 2408 Unused Serialized files (Serialized files now loaded: 0)
System memory in use before: 106.3 MB.
System memory in use after: 106.4 MB.

Unloading 24 unused Assets to reduce memory usage. Loaded Objects now: 2868.
Total: 2.188700 ms (FindLiveObjects: 0.253100 ms CreateObjectMapping: 0.085200 ms MarkObjects: 1.730200 ms  DeleteObjects: 0.119400 ms)

========================================================================
Received Prepare
Registering precompiled user dll's ...
Registered in 0.003288 seconds.
Begin MonoManager ReloadAssembly
Native extension for WindowsStandalone target not found
Refreshing native plugins compatible for Editor in 0.87 ms, found 3 plugins.
Preloading 0 native plugins for Editor in 0.00 ms.
Mono: successfully reloaded assembly
- Completed reload, in  0.833 seconds
Platform modules already initialized, skipping
Refreshing native plugins compatible for Editor in 0.87 ms, found 3 plugins.
Preloading 0 native plugins for Editor in 0.00 ms.
Unloading 2408 Unused Serialized files (Serialized files now loaded: 0)
System memory in use before: 106.3 MB.
System memory in use after: 106.4 MB.

Unloading 24 unused Assets to reduce memory usage. Loaded Objects now: 2872.
Total: 2.092800 ms (FindLiveObjects: 0.197100 ms CreateObjectMapping: 0.083600 ms MarkObjects: 1.687100 ms  DeleteObjects: 0.124300 ms)

========================================================================
Received Prepare
Registering precompiled user dll's ...
Registered in 0.003292 seconds.
Begin MonoManager ReloadAssembly
Native extension for WindowsStandalone target not found
Refreshing native plugins compatible for Editor in 0.94 ms, found 3 plugins.
Preloading 0 native plugins for Editor in 0.00 ms.
Mono: successfully reloaded assembly
- Completed reload, in  0.828 seconds
Platform modules already initialized, skipping
Refreshing native plugins compatible for Editor in 0.85 ms, found 3 plugins.
Preloading 0 native plugins for Editor in 0.00 ms.
Unloading 2408 Unused Serialized files (Serialized files now loaded: 0)
System memory in use before: 106.3 MB.
System memory in use after: 106.3 MB.

Unloading 24 unused Assets to reduce memory usage. Loaded Objects now: 2876.
Total: 2.412100 ms (FindLiveObjects: 0.437100 ms CreateObjectMapping: 0.148000 ms MarkObjects: 1.702300 ms  DeleteObjects: 0.124000 ms)

========================================================================
Received Prepare
Registering precompiled user dll's ...
Registered in 0.003489 seconds.
Begin MonoManager ReloadAssembly
Native extension for WindowsStandalone target not found
Refreshing native plugins compatible for Editor in 0.82 ms, found 3 plugins.
Preloading 0 native plugins for Editor in 0.00 ms.
Mono: successfully reloaded assembly
- Completed reload, in  0.834 seconds
Platform modules already initialized, skipping
Refreshing native plugins compatible for Editor in 0.93 ms, found 3 plugins.
Preloading 0 native plugins for Editor in 0.00 ms.
Unloading 2408 Unused Serialized files (Serialized files now loaded: 0)
System memory in use before: 106.4 MB.
System memory in use after: 106.4 MB.

Unloading 24 unused Assets to reduce memory usage. Loaded Objects now: 2880.
Total: 2.109000 ms (FindLiveObjects: 0.194300 ms CreateObjectMapping: 0.082000 ms MarkObjects: 1.706000 ms  DeleteObjects: 0.126100 ms)

========================================================================
Received Prepare
Registering precompiled user dll's ...
Registered in 0.003897 seconds.
Begin MonoManager ReloadAssembly
Native extension for WindowsStandalone target not found
Refreshing native plugins compatible for Editor in 0.93 ms, found 3 plugins.
Preloading 0 native plugins for Editor in 0.00 ms.
Mono: successfully reloaded assembly
- Completed reload, in  0.939 seconds
Platform modules already initialized, skipping
Refreshing native plugins compatible for Editor in 0.98 ms, found 3 plugins.
Preloading 0 native plugins for Editor in 0.00 ms.
Unloading 2408 Unused Serialized files (Serialized files now loaded: 0)
System memory in use before: 107.1 MB.
System memory in use after: 107.2 MB.

Unloading 24 unused Assets to reduce memory usage. Loaded Objects now: 2884.
Total: 2.623300 ms (FindLiveObjects: 0.349000 ms CreateObjectMapping: 0.112700 ms MarkObjects: 2.062100 ms  DeleteObjects: 0.098100 ms)

========================================================================
Received Prepare
Registering precompiled user dll's ...
Registered in 0.003311 seconds.
Begin MonoManager ReloadAssembly
Native extension for WindowsStandalone target not found
Refreshing native plugins compatible for Editor in 0.84 ms, found 3 plugins.
Preloading 0 native plugins for Editor in 0.00 ms.
Mono: successfully reloaded assembly
- Completed reload, in  0.810 seconds
Platform modules already initialized, skipping
Refreshing native plugins compatible for Editor in 0.90 ms, found 3 plugins.
Preloading 0 native plugins for Editor in 0.00 ms.
Unloading 2408 Unused Serialized files (Serialized files now loaded: 0)
System memory in use before: 106.4 MB.
System memory in use after: 106.5 MB.

Unloading 24 unused Assets to reduce memory usage. Loaded Objects now: 2888.
Total: 2.109200 ms (FindLiveObjects: 0.230400 ms CreateObjectMapping: 0.094400 ms MarkObjects: 1.650200 ms  DeleteObjects: 0.133600 ms)

========================================================================
Received Prepare
Registering precompiled user dll's ...
Registered in 0.003307 seconds.
Begin MonoManager ReloadAssembly
Native extension for WindowsStandalone target not found
Refreshing native plugins compatible for Editor in 0.82 ms, found 3 plugins.
Preloading 0 native plugins for Editor in 0.00 ms.
Mono: successfully reloaded assembly
- Completed reload, in  0.816 seconds
Platform modules already initialized, skipping
Refreshing native plugins compatible for Editor in 0.88 ms, found 3 plugins.
Preloading 0 native plugins for Editor in 0.00 ms.
Unloading 2408 Unused Serialized files (Serialized files now loaded: 0)
System memory in use before: 107.1 MB.
System memory in use after: 107.2 MB.

Unloading 24 unused Assets to reduce memory usage. Loaded Objects now: 2892.
Total: 1.945200 ms (FindLiveObjects: 0.202300 ms CreateObjectMapping: 0.089600 ms MarkObjects: 1.560600 ms  DeleteObjects: 0.091900 ms)

========================================================================
Received Prepare
Registering precompiled user dll's ...
Registered in 0.003226 seconds.
Begin MonoManager ReloadAssembly
Native extension for WindowsStandalone target not found
Refreshing native plugins compatible for Editor in 0.80 ms, found 3 plugins.
Preloading 0 native plugins for Editor in 0.00 ms.
Mono: successfully reloaded assembly
- Completed reload, in  0.809 seconds
Platform modules already initialized, skipping
Refreshing native plugins compatible for Editor in 0.88 ms, found 3 plugins.
Preloading 0 native plugins for Editor in 0.00 ms.
Unloading 2408 Unused Serialized files (Serialized files now loaded: 0)
System memory in use before: 107.1 MB.
System memory in use after: 107.1 MB.

Unloading 24 unused Assets to reduce memory usage. Loaded Objects now: 2896.
Total: 2.143100 ms (FindLiveObjects: 0.191200 ms CreateObjectMapping: 0.084700 ms MarkObjects: 1.734600 ms  DeleteObjects: 0.131800 ms)

========================================================================
Received Prepare
Registering precompiled user dll's ...
Registered in 0.003676 seconds.
Begin MonoManager ReloadAssembly
Native extension for WindowsStandalone target not found
Refreshing native plugins compatible for Editor in 0.82 ms, found 3 plugins.
Preloading 0 native plugins for Editor in 0.00 ms.
Mono: successfully reloaded assembly
- Completed reload, in  0.853 seconds
Platform modules already initialized, skipping
Refreshing native plugins compatible for Editor in 0.85 ms, found 3 plugins.
Preloading 0 native plugins for Editor in 0.00 ms.
Unloading 2408 Unused Serialized files (Serialized files now loaded: 0)
System memory in use before: 107.2 MB.
System memory in use after: 107.2 MB.

Unloading 24 unused Assets to reduce memory usage. Loaded Objects now: 2900.
Total: 2.083600 ms (FindLiveObjects: 0.208600 ms CreateObjectMapping: 0.098600 ms MarkObjects: 1.646700 ms  DeleteObjects: 0.128700 ms)

========================================================================
Received Import Request.
  Time since last request: 1184.556266 seconds.
  path: Packages/com.unity.2d.sprite/Editor/ObjectMenuCreation/DefaultAssets/Textures/Square.png
  artifactKey: Guid(48e93eef0688c4a259cb0eddcd8661f7) Importer(815301076,1909f56bfc062723c751e8b465ee728b)
Start importing Packages/com.unity.2d.sprite/Editor/ObjectMenuCreation/DefaultAssets/Textures/Square.png using Guid(48e93eef0688c4a259cb0eddcd8661f7) Importer(815301076,1909f56bfc062723c751e8b465ee728b)  -> (artifact id: '67f9d2c87602c9de665cd5edc8b46197') in 0.121709 seconds
  Import took 0.126109 seconds .

========================================================================
Received Import Request.
  Time since last request: 0.004546 seconds.
  path: Packages/com.unity.2d.sprite/Editor/ObjectMenuCreation/DefaultAssets/Textures/Square.png
  artifactKey: Guid(48e93eef0688c4a259cb0eddcd8661f7) Importer(815301076,1909f56bfc062723c751e8b465ee728b)
Start importing Packages/com.unity.2d.sprite/Editor/ObjectMenuCreation/DefaultAssets/Textures/Square.png using Guid(48e93eef0688c4a259cb0eddcd8661f7) Importer(815301076,1909f56bfc062723c751e8b465ee728b)  -> (artifact id: '67f9d2c87602c9de665cd5edc8b46197') in 0.007427 seconds
  Import took 0.011649 seconds .

========================================================================
Received Import Request.
  Time since last request: 55.117989 seconds.
  path: Assets/Prefabs/Player.prefab
  artifactKey: Guid(b58a54389af46e84c9a384cfe6b55d0f) Importer(815301076,1909f56bfc062723c751e8b465ee728b)
Start importing Assets/Prefabs/Player.prefab using Guid(b58a54389af46e84c9a384cfe6b55d0f) Importer(815301076,1909f56bfc062723c751e8b465ee728b)  -> (artifact id: '633459b21ed95d4935b5823af8a34717') in 0.056926 seconds
  Import took 0.062846 seconds .

========================================================================
Received Import Request.
  Time since last request: 0.000304 seconds.
  path: Assets/Prefabs/SavesManager.prefab
  artifactKey: Guid(51455a2018d778a4385426f3676ff26f) Importer(815301076,1909f56bfc062723c751e8b465ee728b)
Start importing Assets/Prefabs/SavesManager.prefab using Guid(51455a2018d778a4385426f3676ff26f) Importer(815301076,1909f56bfc062723c751e8b465ee728b)  -> (artifact id: 'd2406546785193d5f15db41c88035ed0') in 0.003673 seconds
  Import took 0.006727 seconds .

========================================================================
Received Import Request.
  Time since last request: 7.992376 seconds.
  path: Assets/Prefabs/Canvasas
  artifactKey: Guid(4428a6d6084fcea4a8241b51e03ac4c3) Importer(815301076,1909f56bfc062723c751e8b465ee728b)
Start importing Assets/Prefabs/Canvasas using Guid(4428a6d6084fcea4a8241b51e03ac4c3) Importer(815301076,1909f56bfc062723c751e8b465ee728b)  -> (artifact id: 'a2142aec9330f5858436b4f07c4c0bea') in 0.002077 seconds
  Import took 0.005887 seconds .

========================================================================
Received Import Request.
  Time since last request: 15.431073 seconds.
  path: Assets/Prefabs/Room Stuff/Canvas.prefab
  artifactKey: Guid(9c8a00f5ac559cd41a45ff7c4bcb58d0) Importer(815301076,1909f56bfc062723c751e8b465ee728b)
Start importing Assets/Prefabs/Room Stuff/Canvas.prefab using Guid(9c8a00f5ac559cd41a45ff7c4bcb58d0) Importer(815301076,1909f56bfc062723c751e8b465ee728b)  -> (artifact id: 'f3fc96845f16c07fdad491c23adc5beb') in 0.019231 seconds
  Import took 0.023585 seconds .

========================================================================
Received Import Request.
  Time since last request: 0.000305 seconds.
  path: Assets/Prefabs/Room Stuff/PauseCanvas.prefab
  artifactKey: Guid(6b10e67aa9478b240aa4b2c131366c1e) Importer(815301076,1909f56bfc062723c751e8b465ee728b)
Start importing Assets/Prefabs/Room Stuff/PauseCanvas.prefab using Guid(6b10e67aa9478b240aa4b2c131366c1e) Importer(815301076,1909f56bfc062723c751e8b465ee728b)  -> (artifact id: 'd705a546ef0954f7c21acbbe411c45cb') in 0.013884 seconds
  Import took 0.017752 seconds .

========================================================================
Received Import Request.
  Time since last request: 33.213290 seconds.
  path: Assets/Prefabs/Canvasas/StatsCanvas.prefab
  artifactKey: Guid(9c8a00f5ac559cd41a45ff7c4bcb58d0) Importer(815301076,1909f56bfc062723c751e8b465ee728b)
Start importing Assets/Prefabs/Canvasas/StatsCanvas.prefab using Guid(9c8a00f5ac559cd41a45ff7c4bcb58d0) Importer(815301076,1909f56bfc062723c751e8b465ee728b)  -> (artifact id: 'e273c83d9850962f09411fb5fecfd1e1') in 0.005922 seconds
  Import took 0.010051 seconds .

========================================================================
Received Import Request.
  Time since last request: 18.662252 seconds.
  path: Assets/Prefabs/Canvasas/UiCanvas.prefab
  artifactKey: Guid(9c8a00f5ac559cd41a45ff7c4bcb58d0) Importer(815301076,1909f56bfc062723c751e8b465ee728b)
Start importing Assets/Prefabs/Canvasas/UiCanvas.prefab using Guid(9c8a00f5ac559cd41a45ff7c4bcb58d0) Importer(815301076,1909f56bfc062723c751e8b465ee728b)  -> (artifact id: 'f46210610612f01183b7d09957878754') in 0.006709 seconds
  Import took 0.010605 seconds .

========================================================================
Received Import Request.
  Time since last request: 12.115973 seconds.
  path: Assets/Prefabs/Canvasas/SignCanvas.prefab
  artifactKey: Guid(cfc8d01a0ee538244aad0f11d734bf1c) Importer(815301076,1909f56bfc062723c751e8b465ee728b)
Start importing Assets/Prefabs/Canvasas/SignCanvas.prefab using Guid(cfc8d01a0ee538244aad0f11d734bf1c) Importer(815301076,1909f56bfc062723c751e8b465ee728b)  -> (artifact id: '5cdc437e19b35872241716846733ac36') in 0.005340 seconds
  Import took 0.009217 seconds .

========================================================================
Received Prepare
Registering precompiled user dll's ...
Registered in 0.003870 seconds.
Begin MonoManager ReloadAssembly
Native extension for WindowsStandalone target not found
Refreshing native plugins compatible for Editor in 0.81 ms, found 3 plugins.
Preloading 0 native plugins for Editor in 0.00 ms.
Mono: successfully reloaded assembly
- Completed reload, in  0.854 seconds
Platform modules already initialized, skipping
Refreshing native plugins compatible for Editor in 0.84 ms, found 3 plugins.
Preloading 0 native plugins for Editor in 0.00 ms.
Unloading 2408 Unused Serialized files (Serialized files now loaded: 0)
System memory in use before: 112.1 MB.
System memory in use after: 112.2 MB.

Unloading 28 unused Assets to reduce memory usage. Loaded Objects now: 2913.
Total: 2.050700 ms (FindLiveObjects: 0.204300 ms CreateObjectMapping: 0.077100 ms MarkObjects: 1.635900 ms  DeleteObjects: 0.132600 ms)

========================================================================
Received Prepare
Registering precompiled user dll's ...
Registered in 0.003812 seconds.
Begin MonoManager ReloadAssembly
Native extension for WindowsStandalone target not found
Refreshing native plugins compatible for Editor in 0.92 ms, found 3 plugins.
Preloading 0 native plugins for Editor in 0.00 ms.
Mono: successfully reloaded assembly
- Completed reload, in  0.810 seconds
Platform modules already initialized, skipping
Refreshing native plugins compatible for Editor in 1.02 ms, found 3 plugins.
Preloading 0 native plugins for Editor in 0.00 ms.
Unloading 2408 Unused Serialized files (Serialized files now loaded: 0)
System memory in use before: 111.0 MB.
System memory in use after: 111.1 MB.

Unloading 24 unused Assets to reduce memory usage. Loaded Objects now: 2917.
Total: 2.836500 ms (FindLiveObjects: 0.359300 ms CreateObjectMapping: 0.174000 ms MarkObjects: 2.198000 ms  DeleteObjects: 0.104000 ms)

========================================================================
Received Prepare
Registering precompiled user dll's ...
Registered in 0.003635 seconds.
Begin MonoManager ReloadAssembly
Native extension for WindowsStandalone target not found
Refreshing native plugins compatible for Editor in 0.81 ms, found 3 plugins.
Preloading 0 native plugins for Editor in 0.00 ms.
Mono: successfully reloaded assembly
- Completed reload, in  0.853 seconds
Platform modules already initialized, skipping
Refreshing native plugins compatible for Editor in 0.83 ms, found 3 plugins.
Preloading 0 native plugins for Editor in 0.00 ms.
Unloading 2408 Unused Serialized files (Serialized files now loaded: 0)
System memory in use before: 111.0 MB.
System memory in use after: 111.1 MB.

Unloading 24 unused Assets to reduce memory usage. Loaded Objects now: 2921.
Total: 2.068200 ms (FindLiveObjects: 0.191800 ms CreateObjectMapping: 0.080400 ms MarkObjects: 1.701900 ms  DeleteObjects: 0.093400 ms)

========================================================================
Received Import Request.
  Time since last request: 1589.623346 seconds.
  path: Assets/Prefabs/DialogTextPrefab.prefab
  artifactKey: Guid(7da23d2ebf25fb8438f48fb8c2d22d6c) Importer(815301076,1909f56bfc062723c751e8b465ee728b)
Start importing Assets/Prefabs/DialogTextPrefab.prefab using Guid(7da23d2ebf25fb8438f48fb8c2d22d6c) Importer(815301076,1909f56bfc062723c751e8b465ee728b)  -> (artifact id: '80441876611dfc0a4b6437775fe2ca1b') in 0.068899 seconds
  Import took 0.073196 seconds .

========================================================================
Received Import Request.
  Time since last request: 650.370763 seconds.
  path: Assets/Prefabs/Ui
  artifactKey: Guid(3929bf2633312b348aa4aac14bb33c23) Importer(815301076,1909f56bfc062723c751e8b465ee728b)
Start importing Assets/Prefabs/Ui using Guid(3929bf2633312b348aa4aac14bb33c23) Importer(815301076,1909f56bfc062723c751e8b465ee728b)  -> (artifact id: '55fa2914c41cbbca05b9e1088ab39915') in 0.001239 seconds
  Import took 0.005772 seconds .

========================================================================
Received Import Request.
  Time since last request: 0.000550 seconds.
  path: Assets/Prefabs/Ui
  artifactKey: Guid(3929bf2633312b348aa4aac14bb33c23) Importer(815301076,1909f56bfc062723c751e8b465ee728b)
Start importing Assets/Prefabs/Ui using Guid(3929bf2633312b348aa4aac14bb33c23) Importer(815301076,1909f56bfc062723c751e8b465ee728b)  -> (artifact id: '55fa2914c41cbbca05b9e1088ab39915') in 0.001058 seconds
  Import took 0.004612 seconds .

========================================================================
Received Import Request.
  Time since last request: 26.006457 seconds.
  path: Assets/Prefabs/Button.prefab
  artifactKey: Guid(90a7ac79e76b6fb44891d18f415fcf3e) Importer(815301076,1909f56bfc062723c751e8b465ee728b)
Start importing Assets/Prefabs/Button.prefab using Guid(90a7ac79e76b6fb44891d18f415fcf3e) Importer(815301076,1909f56bfc062723c751e8b465ee728b)  -> (artifact id: 'baeb82a7314c4f9cd8e7364720aa0397') in 0.037019 seconds
  Import took 0.042183 seconds .

========================================================================
Received Import Request.
  Time since last request: 9.159667 seconds.
  path: Assets/Prefabs/ResponseBtn.prefab
  artifactKey: Guid(90a7ac79e76b6fb44891d18f415fcf3e) Importer(815301076,1909f56bfc062723c751e8b465ee728b)
Start importing Assets/Prefabs/ResponseBtn.prefab using Guid(90a7ac79e76b6fb44891d18f415fcf3e) Importer(815301076,1909f56bfc062723c751e8b465ee728b)  -> (artifact id: 'ca5ee55fceff7699bcc307770752f6af') in 0.020387 seconds
  Import took 0.024204 seconds .

========================================================================
Received Prepare
Registering precompiled user dll's ...
Registered in 0.004098 seconds.
Begin MonoManager ReloadAssembly
Native extension for WindowsStandalone target not found
Refreshing native plugins compatible for Editor in 1.07 ms, found 3 plugins.
Preloading 0 native plugins for Editor in 0.00 ms.
Mono: successfully reloaded assembly
- Completed reload, in  0.837 seconds
Platform modules already initialized, skipping
Refreshing native plugins compatible for Editor in 0.83 ms, found 3 plugins.
Preloading 0 native plugins for Editor in 0.00 ms.
Unloading 2421 Unused Serialized files (Serialized files now loaded: 0)
System memory in use before: 114.0 MB.
System memory in use after: 113.4 MB.

Unloading 38 unused Assets to reduce memory usage. Loaded Objects now: 2925.
Total: 2.133600 ms (FindLiveObjects: 0.189700 ms CreateObjectMapping: 0.079400 ms MarkObjects: 1.560600 ms  DeleteObjects: 0.302700 ms)

========================================================================
Received Import Request.
  Time since last request: 2192.005190 seconds.
  path: Assets/ArtNsprites/Ui/DialougeBoxTextHolder.png
  artifactKey: Guid(cdc3cff290a26ac4b989b1ad5b1a4cf8) Importer(815301076,1909f56bfc062723c751e8b465ee728b)
Start importing Assets/ArtNsprites/Ui/DialougeBoxTextHolder.png using Guid(cdc3cff290a26ac4b989b1ad5b1a4cf8) Importer(815301076,1909f56bfc062723c751e8b465ee728b)  -> (artifact id: 'b3e7831671deaf3a5bffb6f32be7c398') in 0.048597 seconds
  Import took 0.053648 seconds .

========================================================================
Received Import Request.
  Time since last request: 0.834928 seconds.
  path: Assets/ArtNsprites/Ui/DialougeBox.png
  artifactKey: Guid(30a0fc656a7748045b831ee2a1b3fd77) Importer(815301076,1909f56bfc062723c751e8b465ee728b)
Start importing Assets/ArtNsprites/Ui/DialougeBox.png using Guid(30a0fc656a7748045b831ee2a1b3fd77) Importer(815301076,1909f56bfc062723c751e8b465ee728b)  -> (artifact id: '32cbaa021bc8f4493461846d39ee827d') in 0.022922 seconds
  Import took 0.027692 seconds .

========================================================================
Received Import Request.
  Time since last request: 0.000302 seconds.
  path: Assets/ArtNsprites/Ui/ResponseBoxText.png
  artifactKey: Guid(cfc5dc33d8b5041409e032df7b41be85) Importer(815301076,1909f56bfc062723c751e8b465ee728b)
Start importing Assets/ArtNsprites/Ui/ResponseBoxText.png using Guid(cfc5dc33d8b5041409e032df7b41be85) Importer(815301076,1909f56bfc062723c751e8b465ee728b)  -> (artifact id: '6a1acfd6a5ba7fa9f068da6dbe0e9f37') in 0.020340 seconds
  Import took 0.023773 seconds .

========================================================================
Received Import Request.
  Time since last request: 0.000315 seconds.
  path: Assets/ArtNsprites/Ui/DialougeBoxSmall.png
  artifactKey: Guid(85cdcf6290e8d314da70a4d737cbae2a) Importer(815301076,1909f56bfc062723c751e8b465ee728b)
Start importing Assets/ArtNsprites/Ui/DialougeBoxSmall.png using Guid(85cdcf6290e8d314da70a4d737cbae2a) Importer(815301076,1909f56bfc062723c751e8b465ee728b)  -> (artifact id: 'de08567fcdf8160efbb418da3515966c') in 0.012531 seconds
  Import took 0.015685 seconds .

========================================================================
Received Import Request.
  Time since last request: 13.483219 seconds.
  path: Assets/ArtNsprites/Ui/DialougeBox.png
  artifactKey: Guid(30a0fc656a7748045b831ee2a1b3fd77) Importer(815301076,1909f56bfc062723c751e8b465ee728b)
Start importing Assets/ArtNsprites/Ui/DialougeBox.png using Guid(30a0fc656a7748045b831ee2a1b3fd77) Importer(815301076,1909f56bfc062723c751e8b465ee728b)  -> (artifact id: 'a2c0a5f411b77342d93a9fb295b195d6') in 0.007013 seconds
  Import took 0.011678 seconds .

========================================================================
Received Import Request.
  Time since last request: 0.000353 seconds.
  path: Assets/ArtNsprites/Ui/DialougeBoxTextHolder.png
  artifactKey: Guid(cdc3cff290a26ac4b989b1ad5b1a4cf8) Importer(815301076,1909f56bfc062723c751e8b465ee728b)
Start importing Assets/ArtNsprites/Ui/DialougeBoxTextHolder.png using Guid(cdc3cff290a26ac4b989b1ad5b1a4cf8) Importer(815301076,1909f56bfc062723c751e8b465ee728b)  -> (artifact id: 'e96e4b562ef03d2235c1d77017947393') in 0.008175 seconds
  Import took 0.012628 seconds .

========================================================================
Received Import Request.
  Time since last request: 0.000304 seconds.
  path: Assets/ArtNsprites/Ui/ResponseBoxText.png
  artifactKey: Guid(cfc5dc33d8b5041409e032df7b41be85) Importer(815301076,1909f56bfc062723c751e8b465ee728b)
Start importing Assets/ArtNsprites/Ui/ResponseBoxText.png using Guid(cfc5dc33d8b5041409e032df7b41be85) Importer(815301076,1909f56bfc062723c751e8b465ee728b)  -> (artifact id: '159fa3cc663f03ffa628239194b5cdba') in 0.011369 seconds
  Import took 0.015256 seconds .

========================================================================
Received Import Request.
  Time since last request: 0.000350 seconds.
  path: Assets/ArtNsprites/Ui/DialougeBoxSmall.png
  artifactKey: Guid(85cdcf6290e8d314da70a4d737cbae2a) Importer(815301076,1909f56bfc062723c751e8b465ee728b)
Start importing Assets/ArtNsprites/Ui/DialougeBoxSmall.png using Guid(85cdcf6290e8d314da70a4d737cbae2a) Importer(815301076,1909f56bfc062723c751e8b465ee728b)  -> (artifact id: '885aa3d5bd7ff1eefd0a49b2637a7bc5') in 0.014597 seconds
  Import took 0.019233 seconds .

========================================================================
Received Import Request.
  Time since last request: 830.124332 seconds.
  path: Assets/TextMesh Pro/Fonts/LiberationSans.ttf
  artifactKey: Guid(e3265ab4bf004d28a9537516768c1c75) Importer(815301076,1909f56bfc062723c751e8b465ee728b)
Start importing Assets/TextMesh Pro/Fonts/LiberationSans.ttf using Guid(e3265ab4bf004d28a9537516768c1c75) Importer(815301076,1909f56bfc062723c751e8b465ee728b)  -> (artifact id: 'bdddd331c3f1b7826858a8d92db67e39') in 0.055970 seconds
  Import took 0.060815 seconds .

========================================================================
Received Import Request.
  Time since last request: 0.000331 seconds.
  path: Assets/TextMesh Pro/Resources/Fonts & Materials/LiberationSans SDF - Outline.mat
  artifactKey: Guid(79459efec17a4d00a321bdcc27bbc385) Importer(815301076,1909f56bfc062723c751e8b465ee728b)
Start importing Assets/TextMesh Pro/Resources/Fonts & Materials/LiberationSans SDF - Outline.mat using Guid(79459efec17a4d00a321bdcc27bbc385) Importer(815301076,1909f56bfc062723c751e8b465ee728b)  -> (artifact id: '289988fcecf3b00d1602f8d2b589f7dd') in 0.079689 seconds
  Import took 0.083476 seconds .

========================================================================
Received Import Request.
  Time since last request: 0.000323 seconds.
  path: Assets/ArtNsprites/Items/Potions/Materials/HpPotionSmall.mat
  artifactKey: Guid(08c0a104492f2d741a4d314fb3979115) Importer(815301076,1909f56bfc062723c751e8b465ee728b)
Start importing Assets/ArtNsprites/Items/Potions/Materials/HpPotionSmall.mat using Guid(08c0a104492f2d741a4d314fb3979115) Importer(815301076,1909f56bfc062723c751e8b465ee728b)  -> (artifact id: 'e6b5579a78c3c026b55c57a125eb2a13') in 0.006073 seconds
  Import took 0.009796 seconds .

========================================================================
Received Import Request.
  Time since last request: 0.000293 seconds.
  path: Assets/TextMesh Pro/Resources/Fonts & Materials/LiberationSans SDF - Fallback.asset
  artifactKey: Guid(2e498d1c8094910479dc3e1b768306a4) Importer(815301076,1909f56bfc062723c751e8b465ee728b)
Start importing Assets/TextMesh Pro/Resources/Fonts & Materials/LiberationSans SDF - Fallback.asset using Guid(2e498d1c8094910479dc3e1b768306a4) Importer(815301076,1909f56bfc062723c751e8b465ee728b)  -> (artifact id: 'ce7230c77e7d4e7bfd1cefa9887dd317') in 0.034313 seconds
  Import took 0.038724 seconds .

========================================================================
Received Import Request.
  Time since last request: 0.000305 seconds.
  path: Assets/TextMesh Pro/Resources/Fonts & Materials/LiberationSans SDF - Drop Shadow.mat
  artifactKey: Guid(e73a58f6e2794ae7b1b7e50b7fb811b0) Importer(815301076,1909f56bfc062723c751e8b465ee728b)
Start importing Assets/TextMesh Pro/Resources/Fonts & Materials/LiberationSans SDF - Drop Shadow.mat using Guid(e73a58f6e2794ae7b1b7e50b7fb811b0) Importer(815301076,1909f56bfc062723c751e8b465ee728b)  -> (artifact id: 'ca0d2861f60500f05bd29199894f7bb5') in 0.075310 seconds
  Import took 0.079447 seconds .

========================================================================
Received Import Request.
  Time since last request: 0.000291 seconds.
  path: Assets/TextMesh Pro/Resources/Fonts & Materials/LiberationSans SDF.asset
  artifactKey: Guid(8f586378b4e144a9851e7b34d9b748ee) Importer(815301076,1909f56bfc062723c751e8b465ee728b)
Start importing Assets/TextMesh Pro/Resources/Fonts & Materials/LiberationSans SDF.asset using Guid(8f586378b4e144a9851e7b34d9b748ee) Importer(815301076,1909f56bfc062723c751e8b465ee728b)  -> (artifact id: 'f1280cc7be10b532b2897fc8654f95d3') in 0.034776 seconds
  Import took 0.039150 seconds .

========================================================================
Received Import Request.
  Time since last request: 0.000327 seconds.
  path: Assets/ArtNsprites/Items/Potions/Materials/HpPotionBig.mat
  artifactKey: Guid(392c6ac18be185b4aa57f9d6cbcfaefe) Importer(815301076,1909f56bfc062723c751e8b465ee728b)
Start importing Assets/ArtNsprites/Items/Potions/Materials/HpPotionBig.mat using Guid(392c6ac18be185b4aa57f9d6cbcfaefe) Importer(815301076,1909f56bfc062723c751e8b465ee728b)  -> (artifact id: '986ee230c6a95cfd8369dd35531b223b') in 0.006009 seconds
  Import took 0.010270 seconds .

========================================================================
Received Import Request.
  Time since last request: 200.439595 seconds.
  path: Assets/ArtNsprites/Ui/sss.png
  artifactKey: Guid(a6ebe352704080140a4a6328854bcc1a) Importer(815301076,1909f56bfc062723c751e8b465ee728b)
Start importing Assets/ArtNsprites/Ui/sss.png using Guid(a6ebe352704080140a4a6328854bcc1a) Importer(815301076,1909f56bfc062723c751e8b465ee728b)  -> (artifact id: '09ed454e2dd02ccd4a1015f0371e647d') in 0.015634 seconds
  Import took 0.020416 seconds .

========================================================================
Received Import Request.
  Time since last request: 9.152590 seconds.
  path: Assets/ArtNsprites/Ui/sss.png
  artifactKey: Guid(a6ebe352704080140a4a6328854bcc1a) Importer(815301076,1909f56bfc062723c751e8b465ee728b)
Start importing Assets/ArtNsprites/Ui/sss.png using Guid(a6ebe352704080140a4a6328854bcc1a) Importer(815301076,1909f56bfc062723c751e8b465ee728b)  -> (artifact id: '5fc65b7d16c3256462c93a0f9450fa41') in 0.013956 seconds
  Import took 0.017889 seconds .

========================================================================
Received Import Request.
  Time since last request: 66.784529 seconds.
  path: Assets/ArtNsprites/Ui/DialougeBoxSmall.png
  artifactKey: Guid(85cdcf6290e8d314da70a4d737cbae2a) Importer(815301076,1909f56bfc062723c751e8b465ee728b)
Start importing Assets/ArtNsprites/Ui/DialougeBoxSmall.png using Guid(85cdcf6290e8d314da70a4d737cbae2a) Importer(815301076,1909f56bfc062723c751e8b465ee728b)  -> (artifact id: '2d3e3ed218dc9ca8fe5fea1fdcb518f7') in 0.008824 seconds
  Import took 0.013151 seconds .

========================================================================
Received Import Request.
  Time since last request: 6.520396 seconds.
  path: Assets/ArtNsprites/Ui/DialougeBoxSmall.png
  artifactKey: Guid(85cdcf6290e8d314da70a4d737cbae2a) Importer(815301076,1909f56bfc062723c751e8b465ee728b)
Start importing Assets/ArtNsprites/Ui/DialougeBoxSmall.png using Guid(85cdcf6290e8d314da70a4d737cbae2a) Importer(815301076,1909f56bfc062723c751e8b465ee728b)  -> (artifact id: 'c2936932ac3061d5b5637f71105b60e3') in 0.015027 seconds
  Import took 0.018855 seconds .

========================================================================
Received Import Request.
  Time since last request: 91.778561 seconds.
  path: Assets/ArtNsprites/Ui/DialougeBoxSmall 1.png
  artifactKey: Guid(404cab1b80116034dbb6c3c29e38b40e) Importer(815301076,1909f56bfc062723c751e8b465ee728b)
Start importing Assets/ArtNsprites/Ui/DialougeBoxSmall 1.png using Guid(404cab1b80116034dbb6c3c29e38b40e) Importer(815301076,1909f56bfc062723c751e8b465ee728b)  -> (artifact id: 'c780fd864989a730799356f85b985934') in 0.008202 seconds
  Import took 0.012519 seconds .

========================================================================
Received Import Request.
  Time since last request: 12.472884 seconds.
  path: Assets/ArtNsprites/Ui/DialougeBoxSmall 1.png
  artifactKey: Guid(404cab1b80116034dbb6c3c29e38b40e) Importer(815301076,1909f56bfc062723c751e8b465ee728b)
Start importing Assets/ArtNsprites/Ui/DialougeBoxSmall 1.png using Guid(404cab1b80116034dbb6c3c29e38b40e) Importer(815301076,1909f56bfc062723c751e8b465ee728b)  -> (artifact id: 'b9fc622075817cc415300ba3cf107072') in 0.007328 seconds
  Import took 0.011430 seconds .

========================================================================
Received Import Request.
  Time since last request: 3.604011 seconds.
  path: Assets/ArtNsprites/Ui/DialougeBoxSmall 1.png
  artifactKey: Guid(404cab1b80116034dbb6c3c29e38b40e) Importer(815301076,1909f56bfc062723c751e8b465ee728b)
Start importing Assets/ArtNsprites/Ui/DialougeBoxSmall 1.png using Guid(404cab1b80116034dbb6c3c29e38b40e) Importer(815301076,1909f56bfc062723c751e8b465ee728b)  -> (artifact id: '609485ca4b42ae16938ff36e1d357737') in 0.011820 seconds
  Import took 0.015775 seconds .

========================================================================
Received Import Request.
  Time since last request: 423.523977 seconds.
  path: Assets/Prefabs/Ui/DialogTextPrefab.prefab
  artifactKey: Guid(7da23d2ebf25fb8438f48fb8c2d22d6c) Importer(815301076,1909f56bfc062723c751e8b465ee728b)
Start importing Assets/Prefabs/Ui/DialogTextPrefab.prefab using Guid(7da23d2ebf25fb8438f48fb8c2d22d6c) Importer(815301076,1909f56bfc062723c751e8b465ee728b)  -> (artifact id: '879c6db6f82cbc2c260aa5d67048d248') in 0.037238 seconds
  Import took 0.042031 seconds .

========================================================================
Received Import Request.
  Time since last request: 0.000270 seconds.
  path: Assets/Prefabs/Ui/ResponseBtn.prefab
  artifactKey: Guid(90a7ac79e76b6fb44891d18f415fcf3e) Importer(815301076,1909f56bfc062723c751e8b465ee728b)
Start importing Assets/Prefabs/Ui/ResponseBtn.prefab using Guid(90a7ac79e76b6fb44891d18f415fcf3e) Importer(815301076,1909f56bfc062723c751e8b465ee728b)  -> (artifact id: 'eaab66385cd7a4acf04f12114e640427') in 0.027920 seconds
  Import took 0.031073 seconds .

========================================================================
Received Import Request.
  Time since last request: 5.477551 seconds.
  path: Assets/Prefabs/Canvasas/DialogCanvas.prefab
  artifactKey: Guid(3875759d988e4f5489d6cd00ac434092) Importer(815301076,1909f56bfc062723c751e8b465ee728b)
Start importing Assets/Prefabs/Canvasas/DialogCanvas.prefab using Guid(3875759d988e4f5489d6cd00ac434092) Importer(815301076,1909f56bfc062723c751e8b465ee728b)  -> (artifact id: '0fb63f162647ea7912b0836b7cae1090') in 0.030543 seconds
  Import took 0.034578 seconds .

========================================================================
Received Import Request.
  Time since last request: 1196.779909 seconds.
  path: Assets/ArtNsprites/Ui/StatusBar.png
  artifactKey: Guid(2d73079a7693d304a858d8c47f6fba71) Importer(815301076,1909f56bfc062723c751e8b465ee728b)
Start importing Assets/ArtNsprites/Ui/StatusBar.png using Guid(2d73079a7693d304a858d8c47f6fba71) Importer(815301076,1909f56bfc062723c751e8b465ee728b)  -> (artifact id: 'ed8530eea4a96ec4e3b2d09c4e69125b') in 0.008247 seconds
  Import took 0.012717 seconds .

========================================================================
Received Import Request.
  Time since last request: 9.444359 seconds.
  path: Assets/ArtNsprites/Ui/StatusBar.png
  artifactKey: Guid(2d73079a7693d304a858d8c47f6fba71) Importer(815301076,1909f56bfc062723c751e8b465ee728b)
Start importing Assets/ArtNsprites/Ui/StatusBar.png using Guid(2d73079a7693d304a858d8c47f6fba71) Importer(815301076,1909f56bfc062723c751e8b465ee728b)  -> (artifact id: 'e2746c36173828312aae975fc167e42d') in 0.018788 seconds
  Import took 0.023480 seconds .

========================================================================
Received Import Request.
  Time since last request: 0.001058 seconds.
  path: Assets/ArtNsprites/Ui/StatusBar.png
  artifactKey: Guid(2d73079a7693d304a858d8c47f6fba71) Importer(815301076,1909f56bfc062723c751e8b465ee728b)
Start importing Assets/ArtNsprites/Ui/StatusBar.png using Guid(2d73079a7693d304a858d8c47f6fba71) Importer(815301076,1909f56bfc062723c751e8b465ee728b)  -> (artifact id: 'e2746c36173828312aae975fc167e42d') in 0.010815 seconds
  Import took 0.014717 seconds .

========================================================================
Received Prepare
Registering precompiled user dll's ...
Registered in 0.003431 seconds.
Begin MonoManager ReloadAssembly
Native extension for WindowsStandalone target not found
Refreshing native plugins compatible for Editor in 0.82 ms, found 3 plugins.
Preloading 0 native plugins for Editor in 0.00 ms.
Mono: successfully reloaded assembly
- Completed reload, in  0.833 seconds
Platform modules already initialized, skipping
Refreshing native plugins compatible for Editor in 0.85 ms, found 3 plugins.
Preloading 0 native plugins for Editor in 0.00 ms.
Unloading 2421 Unused Serialized files (Serialized files now loaded: 0)
System memory in use before: 112.7 MB.
System memory in use after: 112.2 MB.

Unloading 37 unused Assets to reduce memory usage. Loaded Objects now: 2982.
Total: 2.493200 ms (FindLiveObjects: 0.223100 ms CreateObjectMapping: 0.091500 ms MarkObjects: 1.821800 ms  DeleteObjects: 0.355800 ms)

========================================================================
Received Prepare
Registering precompiled user dll's ...
Registered in 0.003402 seconds.
Begin MonoManager ReloadAssembly
Native extension for WindowsStandalone target not found
Refreshing native plugins compatible for Editor in 0.83 ms, found 3 plugins.
Preloading 0 native plugins for Editor in 0.00 ms.
Mono: successfully reloaded assembly
- Completed reload, in  0.815 seconds
Platform modules already initialized, skipping
Refreshing native plugins compatible for Editor in 0.85 ms, found 3 plugins.
Preloading 0 native plugins for Editor in 0.00 ms.
Unloading 2420 Unused Serialized files (Serialized files now loaded: 0)
System memory in use before: 112.6 MB.
System memory in use after: 112.1 MB.

Unloading 36 unused Assets to reduce memory usage. Loaded Objects now: 2986.
Total: 2.315400 ms (FindLiveObjects: 0.206400 ms CreateObjectMapping: 0.076800 ms MarkObjects: 1.677300 ms  DeleteObjects: 0.354300 ms)

========================================================================
Received Prepare
Registering precompiled user dll's ...
Registered in 0.003526 seconds.
Begin MonoManager ReloadAssembly
Native extension for WindowsStandalone target not found
Refreshing native plugins compatible for Editor in 0.83 ms, found 3 plugins.
Preloading 0 native plugins for Editor in 0.00 ms.
Mono: successfully reloaded assembly
- Completed reload, in  0.845 seconds
Platform modules already initialized, skipping
Refreshing native plugins compatible for Editor in 0.84 ms, found 3 plugins.
Preloading 0 native plugins for Editor in 0.00 ms.
Unloading 2420 Unused Serialized files (Serialized files now loaded: 0)
System memory in use before: 112.6 MB.
System memory in use after: 112.1 MB.

Unloading 36 unused Assets to reduce memory usage. Loaded Objects now: 2990.
Total: 2.377800 ms (FindLiveObjects: 0.231100 ms CreateObjectMapping: 0.103500 ms MarkObjects: 1.681500 ms  DeleteObjects: 0.361000 ms)

========================================================================
Received Prepare
Registering precompiled user dll's ...
Registered in 0.003417 seconds.
Begin MonoManager ReloadAssembly
Native extension for WindowsStandalone target not found
Refreshing native plugins compatible for Editor in 0.84 ms, found 3 plugins.
Preloading 0 native plugins for Editor in 0.00 ms.
Mono: successfully reloaded assembly
- Completed reload, in  0.826 seconds
Platform modules already initialized, skipping
Refreshing native plugins compatible for Editor in 1.05 ms, found 3 plugins.
Preloading 0 native plugins for Editor in 0.00 ms.
Unloading 2420 Unused Serialized files (Serialized files now loaded: 0)
System memory in use before: 112.6 MB.
System memory in use after: 112.1 MB.

Unloading 36 unused Assets to reduce memory usage. Loaded Objects now: 2994.
Total: 2.392100 ms (FindLiveObjects: 0.224700 ms CreateObjectMapping: 0.149600 ms MarkObjects: 1.656100 ms  DeleteObjects: 0.360900 ms)

========================================================================
Received Prepare
Registering precompiled user dll's ...
Registered in 0.003211 seconds.
Begin MonoManager ReloadAssembly
Native extension for WindowsStandalone target not found
Refreshing native plugins compatible for Editor in 0.82 ms, found 3 plugins.
Preloading 0 native plugins for Editor in 0.00 ms.
Mono: successfully reloaded assembly
- Completed reload, in  0.811 seconds
Platform modules already initialized, skipping
Refreshing native plugins compatible for Editor in 0.85 ms, found 3 plugins.
Preloading 0 native plugins for Editor in 0.00 ms.
Unloading 2420 Unused Serialized files (Serialized files now loaded: 0)
System memory in use before: 112.5 MB.
System memory in use after: 112.0 MB.

Unloading 36 unused Assets to reduce memory usage. Loaded Objects now: 2998.
Total: 2.477800 ms (FindLiveObjects: 0.214700 ms CreateObjectMapping: 0.091300 ms MarkObjects: 1.794000 ms  DeleteObjects: 0.377200 ms)

========================================================================
Received Prepare
Registering precompiled user dll's ...
Registered in 0.003462 seconds.
Begin MonoManager ReloadAssembly
Native extension for WindowsStandalone target not found
Refreshing native plugins compatible for Editor in 0.90 ms, found 3 plugins.
Preloading 0 native plugins for Editor in 0.00 ms.
Mono: successfully reloaded assembly
- Completed reload, in  0.805 seconds
Platform modules already initialized, skipping
Refreshing native plugins compatible for Editor in 0.87 ms, found 3 plugins.
Preloading 0 native plugins for Editor in 0.00 ms.
Unloading 2420 Unused Serialized files (Serialized files now loaded: 0)
System memory in use before: 112.6 MB.
System memory in use after: 112.1 MB.

Unloading 36 unused Assets to reduce memory usage. Loaded Objects now: 3002.
Total: 2.993300 ms (FindLiveObjects: 0.342300 ms CreateObjectMapping: 0.164200 ms MarkObjects: 2.119700 ms  DeleteObjects: 0.366200 ms)

========================================================================
Received Prepare
Registering precompiled user dll's ...
Registered in 0.003130 seconds.
Begin MonoManager ReloadAssembly
Native extension for WindowsStandalone target not found
Refreshing native plugins compatible for Editor in 0.82 ms, found 3 plugins.
Preloading 0 native plugins for Editor in 0.00 ms.
Mono: successfully reloaded assembly
- Completed reload, in  0.806 seconds
Platform modules already initialized, skipping
Refreshing native plugins compatible for Editor in 0.86 ms, found 3 plugins.
Preloading 0 native plugins for Editor in 0.00 ms.
Unloading 2420 Unused Serialized files (Serialized files now loaded: 0)
System memory in use before: 112.6 MB.
System memory in use after: 112.1 MB.

Unloading 36 unused Assets to reduce memory usage. Loaded Objects now: 3006.
Total: 2.354100 ms (FindLiveObjects: 0.207800 ms CreateObjectMapping: 0.084700 ms MarkObjects: 1.704500 ms  DeleteObjects: 0.356300 ms)

========================================================================
Received Prepare
Registering precompiled user dll's ...
Registered in 0.003314 seconds.
Begin MonoManager ReloadAssembly
Native extension for WindowsStandalone target not found
Refreshing native plugins compatible for Editor in 0.87 ms, found 3 plugins.
Preloading 0 native plugins for Editor in 0.00 ms.
Mono: successfully reloaded assembly
- Completed reload, in  0.796 seconds
Platform modules already initialized, skipping
Refreshing native plugins compatible for Editor in 0.97 ms, found 3 plugins.
Preloading 0 native plugins for Editor in 0.00 ms.
Unloading 2420 Unused Serialized files (Serialized files now loaded: 0)
System memory in use before: 112.7 MB.
System memory in use after: 112.1 MB.

Unloading 36 unused Assets to reduce memory usage. Loaded Objects now: 3010.
Total: 2.448600 ms (FindLiveObjects: 0.208600 ms CreateObjectMapping: 0.078500 ms MarkObjects: 1.794600 ms  DeleteObjects: 0.366000 ms)

========================================================================
Received Prepare
Registering precompiled user dll's ...
Registered in 0.003346 seconds.
Begin MonoManager ReloadAssembly
Native extension for WindowsStandalone target not found
Refreshing native plugins compatible for Editor in 0.89 ms, found 3 plugins.
Preloading 0 native plugins for Editor in 0.00 ms.
Mono: successfully reloaded assembly
- Completed reload, in  0.815 seconds
Platform modules already initialized, skipping
Refreshing native plugins compatible for Editor in 0.86 ms, found 3 plugins.
Preloading 0 native plugins for Editor in 0.00 ms.
Unloading 2420 Unused Serialized files (Serialized files now loaded: 0)
System memory in use before: 112.7 MB.
System memory in use after: 112.1 MB.

Unloading 36 unused Assets to reduce memory usage. Loaded Objects now: 3014.
Total: 2.617100 ms (FindLiveObjects: 0.309900 ms CreateObjectMapping: 0.096700 ms MarkObjects: 1.846200 ms  DeleteObjects: 0.363400 ms)

========================================================================
Received Prepare
Registering precompiled user dll's ...
Registered in 0.003337 seconds.
Begin MonoManager ReloadAssembly
Native extension for WindowsStandalone target not found
Refreshing native plugins compatible for Editor in 0.84 ms, found 3 plugins.
Preloading 0 native plugins for Editor in 0.00 ms.
Mono: successfully reloaded assembly
- Completed reload, in  0.810 seconds
Platform modules already initialized, skipping
Refreshing native plugins compatible for Editor in 0.87 ms, found 3 plugins.
Preloading 0 native plugins for Editor in 0.00 ms.
Unloading 2420 Unused Serialized files (Serialized files now loaded: 0)
System memory in use before: 112.6 MB.
System memory in use after: 112.0 MB.

Unloading 36 unused Assets to reduce memory usage. Loaded Objects now: 3018.
Total: 2.458900 ms (FindLiveObjects: 0.217000 ms CreateObjectMapping: 0.089600 ms MarkObjects: 1.789100 ms  DeleteObjects: 0.362400 ms)

========================================================================
Received Prepare
Registering precompiled user dll's ...
Registered in 0.003419 seconds.
Begin MonoManager ReloadAssembly
Native extension for WindowsStandalone target not found
Refreshing native plugins compatible for Editor in 0.93 ms, found 3 plugins.
Preloading 0 native plugins for Editor in 0.00 ms.
Mono: successfully reloaded assembly
- Completed reload, in  0.813 seconds
Platform modules already initialized, skipping
Refreshing native plugins compatible for Editor in 0.91 ms, found 3 plugins.
Preloading 0 native plugins for Editor in 0.00 ms.
Unloading 2420 Unused Serialized files (Serialized files now loaded: 0)
System memory in use before: 112.7 MB.
System memory in use after: 112.1 MB.

Unloading 36 unused Assets to reduce memory usage. Loaded Objects now: 3022.
Total: 2.467800 ms (FindLiveObjects: 0.224500 ms CreateObjectMapping: 0.087200 ms MarkObjects: 1.811800 ms  DeleteObjects: 0.343400 ms)

========================================================================
Received Prepare
Registering precompiled user dll's ...
Registered in 0.003412 seconds.
Begin MonoManager ReloadAssembly
Native extension for WindowsStandalone target not found
Refreshing native plugins compatible for Editor in 0.82 ms, found 3 plugins.
Preloading 0 native plugins for Editor in 0.00 ms.
Mono: successfully reloaded assembly
- Completed reload, in  0.820 seconds
Platform modules already initialized, skipping
Refreshing native plugins compatible for Editor in 0.88 ms, found 3 plugins.
Preloading 0 native plugins for Editor in 0.00 ms.
Unloading 2420 Unused Serialized files (Serialized files now loaded: 0)
System memory in use before: 113.4 MB.
System memory in use after: 112.9 MB.

Unloading 36 unused Assets to reduce memory usage. Loaded Objects now: 3026.
Total: 2.206800 ms (FindLiveObjects: 0.216600 ms CreateObjectMapping: 0.091500 ms MarkObjects: 1.589600 ms  DeleteObjects: 0.308300 ms)

========================================================================
Received Prepare
Registering precompiled user dll's ...
Registered in 0.005141 seconds.
Begin MonoManager ReloadAssembly
Native extension for WindowsStandalone target not found
Refreshing native plugins compatible for Editor in 1.11 ms, found 3 plugins.
Preloading 0 native plugins for Editor in 0.00 ms.
Mono: successfully reloaded assembly
- Completed reload, in  0.900 seconds
Platform modules already initialized, skipping
Refreshing native plugins compatible for Editor in 0.86 ms, found 3 plugins.
Preloading 0 native plugins for Editor in 0.00 ms.
Unloading 2420 Unused Serialized files (Serialized files now loaded: 0)
System memory in use before: 112.7 MB.
System memory in use after: 112.2 MB.

Unloading 36 unused Assets to reduce memory usage. Loaded Objects now: 3030.
Total: 2.346900 ms (FindLiveObjects: 0.234400 ms CreateObjectMapping: 0.102700 ms MarkObjects: 1.629700 ms  DeleteObjects: 0.379200 ms)

========================================================================
Received Prepare
Registering precompiled user dll's ...
Registered in 0.003309 seconds.
Begin MonoManager ReloadAssembly
Native extension for WindowsStandalone target not found
Refreshing native plugins compatible for Editor in 0.91 ms, found 3 plugins.
Preloading 0 native plugins for Editor in 0.00 ms.
Mono: successfully reloaded assembly
- Completed reload, in  0.807 seconds
Platform modules already initialized, skipping
Refreshing native plugins compatible for Editor in 0.90 ms, found 3 plugins.
Preloading 0 native plugins for Editor in 0.00 ms.
Unloading 2420 Unused Serialized files (Serialized files now loaded: 0)
System memory in use before: 112.7 MB.
System memory in use after: 112.2 MB.

Unloading 36 unused Assets to reduce memory usage. Loaded Objects now: 3034.
Total: 2.480300 ms (FindLiveObjects: 0.260100 ms CreateObjectMapping: 0.092700 ms MarkObjects: 1.759100 ms  DeleteObjects: 0.367600 ms)

========================================================================
Received Prepare
Registering precompiled user dll's ...
Registered in 0.003467 seconds.
Begin MonoManager ReloadAssembly
Native extension for WindowsStandalone target not found
Refreshing native plugins compatible for Editor in 0.87 ms, found 3 plugins.
Preloading 0 native plugins for Editor in 0.00 ms.
Mono: successfully reloaded assembly
- Completed reload, in  0.814 seconds
Platform modules already initialized, skipping
Refreshing native plugins compatible for Editor in 0.85 ms, found 3 plugins.
Preloading 0 native plugins for Editor in 0.00 ms.
Unloading 2420 Unused Serialized files (Serialized files now loaded: 0)
System memory in use before: 112.6 MB.
System memory in use after: 112.1 MB.

Unloading 36 unused Assets to reduce memory usage. Loaded Objects now: 3038.
Total: 2.295600 ms (FindLiveObjects: 0.228600 ms CreateObjectMapping: 0.098400 ms MarkObjects: 1.599000 ms  DeleteObjects: 0.368800 ms)

========================================================================
Received Prepare
Registering precompiled user dll's ...
Registered in 0.003342 seconds.
Begin MonoManager ReloadAssembly
Native extension for WindowsStandalone target not found
Refreshing native plugins compatible for Editor in 1.02 ms, found 3 plugins.
Preloading 0 native plugins for Editor in 0.00 ms.
Mono: successfully reloaded assembly
- Completed reload, in  0.855 seconds
Platform modules already initialized, skipping
Refreshing native plugins compatible for Editor in 1.03 ms, found 3 plugins.
Preloading 0 native plugins for Editor in 0.00 ms.
Unloading 2420 Unused Serialized files (Serialized files now loaded: 0)
System memory in use before: 113.5 MB.
System memory in use after: 112.9 MB.

Unloading 36 unused Assets to reduce memory usage. Loaded Objects now: 3042.
Total: 2.494700 ms (FindLiveObjects: 0.216100 ms CreateObjectMapping: 0.084300 ms MarkObjects: 1.720200 ms  DeleteObjects: 0.473300 ms)

========================================================================
Received Prepare
Registering precompiled user dll's ...
Registered in 0.003657 seconds.
Begin MonoManager ReloadAssembly
Native extension for WindowsStandalone target not found
Refreshing native plugins compatible for Editor in 0.81 ms, found 3 plugins.
Preloading 0 native plugins for Editor in 0.00 ms.
Mono: successfully reloaded assembly
- Completed reload, in  0.851 seconds
Platform modules already initialized, skipping
Refreshing native plugins compatible for Editor in 0.81 ms, found 3 plugins.
Preloading 0 native plugins for Editor in 0.00 ms.
Unloading 2420 Unused Serialized files (Serialized files now loaded: 0)
System memory in use before: 113.5 MB.
System memory in use after: 112.9 MB.

Unloading 36 unused Assets to reduce memory usage. Loaded Objects now: 3046.
Total: 2.807100 ms (FindLiveObjects: 0.283300 ms CreateObjectMapping: 0.213800 ms MarkObjects: 1.945600 ms  DeleteObjects: 0.363700 ms)

========================================================================
Received Import Request.
  Time since last request: 2829.803268 seconds.
  path: Assets/ArtNsprites/Ui/CoinModule.png
  artifactKey: Guid(c6eb8a5179302da4fb9300be7dd4aabe) Importer(815301076,1909f56bfc062723c751e8b465ee728b)
Start importing Assets/ArtNsprites/Ui/CoinModule.png using Guid(c6eb8a5179302da4fb9300be7dd4aabe) Importer(815301076,1909f56bfc062723c751e8b465ee728b)  -> (artifact id: '27a28528cded7c799a007d23e60824fe') in 0.052623 seconds
  Import took 0.056967 seconds .

========================================================================
Received Import Request.
  Time since last request: 9.564904 seconds.
  path: Assets/ArtNsprites/Ui/CoinModule.png
  artifactKey: Guid(c6eb8a5179302da4fb9300be7dd4aabe) Importer(815301076,1909f56bfc062723c751e8b465ee728b)
Start importing Assets/ArtNsprites/Ui/CoinModule.png using Guid(c6eb8a5179302da4fb9300be7dd4aabe) Importer(815301076,1909f56bfc062723c751e8b465ee728b)  -> (artifact id: '856b757722f542c59e9a416ac5bd6aac') in 0.006836 seconds
  Import took 0.011088 seconds .

========================================================================
Received Prepare
Registering precompiled user dll's ...
Registered in 0.003270 seconds.
Begin MonoManager ReloadAssembly
Native extension for WindowsStandalone target not found
Refreshing native plugins compatible for Editor in 0.81 ms, found 3 plugins.
Preloading 0 native plugins for Editor in 0.00 ms.
Mono: successfully reloaded assembly
- Completed reload, in  0.857 seconds
Platform modules already initialized, skipping
Refreshing native plugins compatible for Editor in 0.89 ms, found 3 plugins.
Preloading 0 native plugins for Editor in 0.00 ms.
Unloading 2420 Unused Serialized files (Serialized files now loaded: 0)
System memory in use before: 113.5 MB.
System memory in use after: 113.0 MB.

Unloading 36 unused Assets to reduce memory usage. Loaded Objects now: 3053.
Total: 2.479600 ms (FindLiveObjects: 0.227300 ms CreateObjectMapping: 0.093400 ms MarkObjects: 1.842200 ms  DeleteObjects: 0.316300 ms)

