Using pre-set license
Built from '2020.3/staging' branch; Version is '2020.3.10f1 (297d780c91bc) revision 2719096'; Using compiler version '192528614'; Build Type 'Release'
OS: 'Windows 10 Education; OS build 19042.1165; Version 2009; 64bit' Language: 'en' Physical Memory: 16326 MB
BatchMode: 1, IsHumanControllingUs: 0, StartBugReporterOnCrash: 0, Is64bit: 1, IsPro: 0

 COMMAND LINE ARGUMENTS:
F:\Unity\2019.4.17f1\Editor\Unity.exe
-adb2
-batchMode
-noUpm
-name
AssetImportWorker0
-projectPath
F:/Git/Games/Rpg/Rpg/MyRpg
-logFile
Logs/AssetImportWorker0.log
-srvPort
53835
Successfully changed project path to: F:/Git/Games/Rpg/Rpg/MyRpg
F:/Git/Games/Rpg/Rpg/MyRpg
Using Asset Import Pipeline V2.
Refreshing native plugins compatible for Editor in 44.30 ms, found 3 plugins.
Preloading 0 native plugins for Editor in 0.00 ms.
Initialize engine version: 2020.3.10f1 (297d780c91bc)
[Subsystems] Discovering subsystems at path F:/Unity/2019.4.17f1/Editor/Data/Resources/UnitySubsystems
[Subsystems] Discovering subsystems at path F:/Git/Games/Rpg/Rpg/MyRpg/Assets
GfxDevice: creating device client; threaded=0
Direct3D:
    Version:  Direct3D 11.0 [level 11.1]
    Renderer: NVIDIA GeForce RTX 2060 SUPER (ID=0x1f06)
    Vendor:   
    VRAM:     8031 MB
    Driver:   30.0.14.7111
Initialize mono
Mono path[0] = 'F:/Unity/2019.4.17f1/Editor/Data/Managed'
Mono path[1] = 'F:/Unity/2019.4.17f1/Editor/Data/MonoBleedingEdge/lib/mono/unityjit'
Mono config path = 'F:/Unity/2019.4.17f1/Editor/Data/MonoBleedingEdge/etc'
Using monoOptions --debugger-agent=transport=dt_socket,embedding=1,server=y,suspend=n,address=127.0.0.1:56684
Begin MonoManager ReloadAssembly
Registering precompiled unity dll's ...
Register platform support module: F:/Unity/2019.4.17f1/Editor/Data/PlaybackEngines/WindowsStandaloneSupport/UnityEditor.WindowsStandalone.Extensions.dll
Registered in 0.000864 seconds.
Native extension for WindowsStandalone target not found
Refreshing native plugins compatible for Editor in 39.59 ms, found 3 plugins.
Preloading 0 native plugins for Editor in 0.00 ms.
Mono: successfully reloaded assembly
- Completed reload, in  0.752 seconds
Platform modules already initialized, skipping
Registering precompiled user dll's ...
Registered in 0.002335 seconds.
Begin MonoManager ReloadAssembly
Native extension for WindowsStandalone target not found
Refreshing native plugins compatible for Editor in 48.71 ms, found 3 plugins.
Preloading 0 native plugins for Editor in 0.00 ms.
Mono: successfully reloaded assembly
- Completed reload, in  0.922 seconds
Platform modules already initialized, skipping
========================================================================
Worker process is ready to serve import requests
Launched and connected shader compiler UnityShaderCompiler.exe after 0.03 seconds
Refreshing native plugins compatible for Editor in 0.48 ms, found 3 plugins.
Preloading 0 native plugins for Editor in 0.00 ms.
Unloading 2092 Unused Serialized files (Serialized files now loaded: 0)
System memory in use before: 93.6 MB.
System memory in use after: 93.5 MB.

Unloading 33 unused Assets to reduce memory usage. Loaded Objects now: 2527.
Total: 1.888300 ms (FindLiveObjects: 0.165200 ms CreateObjectMapping: 0.065100 ms MarkObjects: 1.555400 ms  DeleteObjects: 0.102100 ms)

========================================================================
Received Import Request.
  path: Assets/ArtNsprites/Fountain.png
  artifactKey: Guid(f5012b536e46562488445d4b7cd32816) Importer(815301076,1909f56bfc062723c751e8b465ee728b)
Start importing Assets/ArtNsprites/Fountain.png using Guid(f5012b536e46562488445d4b7cd32816) Importer(815301076,1909f56bfc062723c751e8b465ee728b)  -> (artifact id: 'd2ed5a928719d2e279bab9b2af0058ab') in 0.192080 seconds
  Import took 0.202961 seconds .

========================================================================
Received Import Request.
  Time since last request: 0.000321 seconds.
  path: Assets/ArtNsprites/HpBarsDevided.png
  artifactKey: Guid(65eb4498dc2b1ff4aa296961da47707d) Importer(815301076,1909f56bfc062723c751e8b465ee728b)
Start importing Assets/ArtNsprites/HpBarsDevided.png using Guid(65eb4498dc2b1ff4aa296961da47707d) Importer(815301076,1909f56bfc062723c751e8b465ee728b)  -> (artifact id: '00ffd985e01734397f48397a41e502da') in 0.041804 seconds
  Import took 0.044304 seconds .

========================================================================
Received Import Request.
  Time since last request: 0.000250 seconds.
  path: Assets/ArtNsprites/forest-level-4-sheet.png
  artifactKey: Guid(19c5b1d770a37c94a89fb7576f6e2bc9) Importer(815301076,1909f56bfc062723c751e8b465ee728b)
Start importing Assets/ArtNsprites/forest-level-4-sheet.png using Guid(19c5b1d770a37c94a89fb7576f6e2bc9) Importer(815301076,1909f56bfc062723c751e8b465ee728b)  -> (artifact id: 'b019c8413fd41233298fe8ff1d2526b6') in 0.063393 seconds
  Import took 0.066079 seconds .

========================================================================
Received Import Request.
  Time since last request: 1.325996 seconds.
  path: Assets/ArtNsprites/WaterNStore.png
  artifactKey: Guid(9ce42bac29714c049a4b30097efe4178) Importer(815301076,1909f56bfc062723c751e8b465ee728b)
Start importing Assets/ArtNsprites/WaterNStore.png using Guid(9ce42bac29714c049a4b30097efe4178) Importer(815301076,1909f56bfc062723c751e8b465ee728b)  -> (artifact id: 'eae9178e0e2f91b7afebb2620540bb6c') in 0.014115 seconds
  Import took 0.017994 seconds .

========================================================================
Received Import Request.
  Time since last request: 10.272629 seconds.
  path: Assets/ArtNsprites/WaterNStore.png
  artifactKey: Guid(9ce42bac29714c049a4b30097efe4178) Importer(815301076,1909f56bfc062723c751e8b465ee728b)
Start importing Assets/ArtNsprites/WaterNStore.png using Guid(9ce42bac29714c049a4b30097efe4178) Importer(815301076,1909f56bfc062723c751e8b465ee728b)  -> (artifact id: 'c81769d71f390dd07ea5429ffa84e9f7') in 0.006745 seconds
  Import took 0.009845 seconds .

========================================================================
Received Import Request.
  Time since last request: 0.001319 seconds.
  path: Assets/ArtNsprites/WaterNStore.png
  artifactKey: Guid(9ce42bac29714c049a4b30097efe4178) Importer(815301076,1909f56bfc062723c751e8b465ee728b)
Start importing Assets/ArtNsprites/WaterNStore.png using Guid(9ce42bac29714c049a4b30097efe4178) Importer(815301076,1909f56bfc062723c751e8b465ee728b)  -> (artifact id: 'c81769d71f390dd07ea5429ffa84e9f7') in 0.008268 seconds
  Import took 0.018531 seconds .

========================================================================
Received Import Request.
  Time since last request: 271.639795 seconds.
  path: Assets/ArtNsprites/WaterNStore.png
  artifactKey: Guid(9ce42bac29714c049a4b30097efe4178) Importer(815301076,1909f56bfc062723c751e8b465ee728b)
Start importing Assets/ArtNsprites/WaterNStore.png using Guid(9ce42bac29714c049a4b30097efe4178) Importer(815301076,1909f56bfc062723c751e8b465ee728b)  -> (artifact id: '968be116729f4739f9e50d896c68b693') in 0.063337 seconds
  Import took 0.066665 seconds .

========================================================================
Received Import Request.
  Time since last request: 844.305545 seconds.
  path: Assets/ArtNsprites/spriteAtlas.spriteatlas
  artifactKey: Guid(3446a4e22afd73d449af06bde0aa23bd) Importer(815301076,1909f56bfc062723c751e8b465ee728b)
Start importing Assets/ArtNsprites/spriteAtlas.spriteatlas using Guid(3446a4e22afd73d449af06bde0aa23bd) Importer(815301076,1909f56bfc062723c751e8b465ee728b)  -> (artifact id: '842dc92792a551959c112b7f337dd9a8') in 0.012601 seconds
  Import took 0.015875 seconds .

========================================================================
Received Prepare
Registering precompiled user dll's ...
Registered in 0.002354 seconds.
Begin MonoManager ReloadAssembly
Native extension for WindowsStandalone target not found
Refreshing native plugins compatible for Editor in 0.51 ms, found 3 plugins.
Preloading 0 native plugins for Editor in 0.00 ms.
Mono: successfully reloaded assembly
- Completed reload, in  0.764 seconds
Platform modules already initialized, skipping
Refreshing native plugins compatible for Editor in 0.52 ms, found 3 plugins.
Preloading 0 native plugins for Editor in 0.00 ms.
Unloading 2087 Unused Serialized files (Serialized files now loaded: 0)
System memory in use before: 96.8 MB.
System memory in use after: 96.8 MB.

Unloading 22 unused Assets to reduce memory usage. Loaded Objects now: 2549.
Total: 1.837900 ms (FindLiveObjects: 0.156200 ms CreateObjectMapping: 0.057400 ms MarkObjects: 1.501900 ms  DeleteObjects: 0.121800 ms)

========================================================================
Received Prepare
Registering precompiled user dll's ...
Registered in 0.002382 seconds.
Begin MonoManager ReloadAssembly
Native extension for WindowsStandalone target not found
Refreshing native plugins compatible for Editor in 0.50 ms, found 3 plugins.
Preloading 0 native plugins for Editor in 0.00 ms.
Mono: successfully reloaded assembly
- Completed reload, in  0.780 seconds
Platform modules already initialized, skipping
Refreshing native plugins compatible for Editor in 0.52 ms, found 3 plugins.
Preloading 0 native plugins for Editor in 0.00 ms.
Unloading 2087 Unused Serialized files (Serialized files now loaded: 0)
System memory in use before: 96.3 MB.
System memory in use after: 96.3 MB.

Unloading 21 unused Assets to reduce memory usage. Loaded Objects now: 2553.
Total: 2.070500 ms (FindLiveObjects: 0.164000 ms CreateObjectMapping: 0.061500 ms MarkObjects: 1.715300 ms  DeleteObjects: 0.129100 ms)

========================================================================
Received Prepare
Registering precompiled user dll's ...
Registered in 0.002436 seconds.
Begin MonoManager ReloadAssembly
Native extension for WindowsStandalone target not found
Refreshing native plugins compatible for Editor in 0.54 ms, found 3 plugins.
Preloading 0 native plugins for Editor in 0.00 ms.
Mono: successfully reloaded assembly
- Completed reload, in  0.759 seconds
Platform modules already initialized, skipping
Refreshing native plugins compatible for Editor in 0.51 ms, found 3 plugins.
Preloading 0 native plugins for Editor in 0.00 ms.
Unloading 2087 Unused Serialized files (Serialized files now loaded: 0)
System memory in use before: 96.3 MB.
System memory in use after: 96.3 MB.

Unloading 21 unused Assets to reduce memory usage. Loaded Objects now: 2557.
Total: 1.872300 ms (FindLiveObjects: 0.153700 ms CreateObjectMapping: 0.056300 ms MarkObjects: 1.530200 ms  DeleteObjects: 0.131400 ms)

========================================================================
Received Prepare
Registering precompiled user dll's ...
Registered in 0.002346 seconds.
Begin MonoManager ReloadAssembly
Native extension for WindowsStandalone target not found
Refreshing native plugins compatible for Editor in 0.52 ms, found 3 plugins.
Preloading 0 native plugins for Editor in 0.00 ms.
Mono: successfully reloaded assembly
- Completed reload, in  0.780 seconds
Platform modules already initialized, skipping
Refreshing native plugins compatible for Editor in 0.53 ms, found 3 plugins.
Preloading 0 native plugins for Editor in 0.00 ms.
Unloading 2087 Unused Serialized files (Serialized files now loaded: 0)
System memory in use before: 96.4 MB.
System memory in use after: 96.3 MB.

Unloading 21 unused Assets to reduce memory usage. Loaded Objects now: 2561.
Total: 1.960300 ms (FindLiveObjects: 0.162400 ms CreateObjectMapping: 0.062200 ms MarkObjects: 1.645200 ms  DeleteObjects: 0.089800 ms)

========================================================================
Received Prepare
Registering precompiled user dll's ...
Registered in 0.002280 seconds.
Begin MonoManager ReloadAssembly
Native extension for WindowsStandalone target not found
Refreshing native plugins compatible for Editor in 0.50 ms, found 3 plugins.
Preloading 0 native plugins for Editor in 0.00 ms.
Mono: successfully reloaded assembly
- Completed reload, in  0.757 seconds
Platform modules already initialized, skipping
Refreshing native plugins compatible for Editor in 0.55 ms, found 3 plugins.
Preloading 0 native plugins for Editor in 0.00 ms.
Unloading 2087 Unused Serialized files (Serialized files now loaded: 0)
System memory in use before: 96.4 MB.
System memory in use after: 96.3 MB.

Unloading 21 unused Assets to reduce memory usage. Loaded Objects now: 2565.
Total: 1.885200 ms (FindLiveObjects: 0.149600 ms CreateObjectMapping: 0.055800 ms MarkObjects: 1.557200 ms  DeleteObjects: 0.121900 ms)

========================================================================
Received Prepare
Registering precompiled user dll's ...
Registered in 0.002399 seconds.
Begin MonoManager ReloadAssembly
Native extension for WindowsStandalone target not found
Refreshing native plugins compatible for Editor in 0.56 ms, found 3 plugins.
Preloading 0 native plugins for Editor in 0.00 ms.
Mono: successfully reloaded assembly
- Completed reload, in  0.761 seconds
Platform modules already initialized, skipping
Refreshing native plugins compatible for Editor in 0.51 ms, found 3 plugins.
Preloading 0 native plugins for Editor in 0.00 ms.
Unloading 2087 Unused Serialized files (Serialized files now loaded: 0)
System memory in use before: 96.4 MB.
System memory in use after: 96.4 MB.

Unloading 21 unused Assets to reduce memory usage. Loaded Objects now: 2569.
Total: 1.919000 ms (FindLiveObjects: 0.168100 ms CreateObjectMapping: 0.056000 ms MarkObjects: 1.559000 ms  DeleteObjects: 0.135200 ms)

========================================================================
Received Prepare
Registering precompiled user dll's ...
Registered in 0.002547 seconds.
Begin MonoManager ReloadAssembly
Native extension for WindowsStandalone target not found
Refreshing native plugins compatible for Editor in 0.50 ms, found 3 plugins.
Preloading 0 native plugins for Editor in 0.00 ms.
Mono: successfully reloaded assembly
- Completed reload, in  0.797 seconds
Platform modules already initialized, skipping
Refreshing native plugins compatible for Editor in 0.57 ms, found 3 plugins.
Preloading 0 native plugins for Editor in 0.00 ms.
Unloading 2087 Unused Serialized files (Serialized files now loaded: 0)
System memory in use before: 96.7 MB.
System memory in use after: 96.7 MB.

Unloading 21 unused Assets to reduce memory usage. Loaded Objects now: 2573.
Total: 1.835700 ms (FindLiveObjects: 0.157800 ms CreateObjectMapping: 0.060300 ms MarkObjects: 1.529200 ms  DeleteObjects: 0.087800 ms)

========================================================================
Received Import Request.
  Time since last request: 2658.980148 seconds.
  path: Assets/Prefabs/Canvas.prefab
  artifactKey: Guid(9c8a00f5ac559cd41a45ff7c4bcb58d0) Importer(815301076,1909f56bfc062723c751e8b465ee728b)
Start importing Assets/Prefabs/Canvas.prefab using Guid(9c8a00f5ac559cd41a45ff7c4bcb58d0) Importer(815301076,1909f56bfc062723c751e8b465ee728b)  -> (artifact id: '07c4caab963e4404a4e16330a1bdd560') in 0.040305 seconds
  Import took 0.055523 seconds .

========================================================================
Received Import Request.
  Time since last request: 0.021018 seconds.
  path: Assets/Prefabs/Canvas.prefab
  artifactKey: Guid(9c8a00f5ac559cd41a45ff7c4bcb58d0) Importer(815301076,1909f56bfc062723c751e8b465ee728b)
Start importing Assets/Prefabs/Canvas.prefab using Guid(9c8a00f5ac559cd41a45ff7c4bcb58d0) Importer(815301076,1909f56bfc062723c751e8b465ee728b)  -> (artifact id: '07c4caab963e4404a4e16330a1bdd560') in 0.015883 seconds
  Import took 0.021104 seconds .

========================================================================
Received Import Request.
  Time since last request: 2.085061 seconds.
  path: Assets/Prefabs/Player.prefab
  artifactKey: Guid(b58a54389af46e84c9a384cfe6b55d0f) Importer(815301076,1909f56bfc062723c751e8b465ee728b)
Start importing Assets/Prefabs/Player.prefab using Guid(b58a54389af46e84c9a384cfe6b55d0f) Importer(815301076,1909f56bfc062723c751e8b465ee728b)  -> (artifact id: '221942f684df280d4f50481a01da59c7') in 0.109615 seconds
  Import took 0.112831 seconds .

========================================================================
Received Import Request.
  Time since last request: 37.178865 seconds.
  path: Assets/Scenes/IntroHouse.unity
  artifactKey: Guid(dc0d1373b8d45ad49bcf7b53ef600d30) Importer(815301076,1909f56bfc062723c751e8b465ee728b)
Start importing Assets/Scenes/IntroHouse.unity using Guid(dc0d1373b8d45ad49bcf7b53ef600d30) Importer(815301076,1909f56bfc062723c751e8b465ee728b)  -> (artifact id: '78b2005cbb1641b6fd60b7e8f344874c') in 0.001759 seconds
  Import took 0.010925 seconds .

========================================================================
Received Import Request.
  Time since last request: 119.078480 seconds.
  path: Assets/ArtNsprites/Inner.png
  artifactKey: Guid(25abbd3e898693e43b691871828a29d8) Importer(815301076,1909f56bfc062723c751e8b465ee728b)
Start importing Assets/ArtNsprites/Inner.png using Guid(25abbd3e898693e43b691871828a29d8) Importer(815301076,1909f56bfc062723c751e8b465ee728b)  -> (artifact id: '4a64d33c6fd0137d58c70ebb79c3c5f9') in 0.027212 seconds
  Import took 0.030334 seconds .

========================================================================
Received Import Request.
  Time since last request: 10.217826 seconds.
  path: Assets/ArtNsprites/Inner.png
  artifactKey: Guid(25abbd3e898693e43b691871828a29d8) Importer(815301076,1909f56bfc062723c751e8b465ee728b)
Start importing Assets/ArtNsprites/Inner.png using Guid(25abbd3e898693e43b691871828a29d8) Importer(815301076,1909f56bfc062723c751e8b465ee728b)  -> (artifact id: 'ab41ebc759167a7ed5e30fce12b0ce94') in 0.386104 seconds
  Import took 0.397640 seconds .

========================================================================
Received Import Request.
  Time since last request: 59.515289 seconds.
  path: Assets/Scenes/IntroHouse.unity
  artifactKey: Guid(dc0d1373b8d45ad49bcf7b53ef600d30) Importer(815301076,1909f56bfc062723c751e8b465ee728b)
Start importing Assets/Scenes/IntroHouse.unity using Guid(dc0d1373b8d45ad49bcf7b53ef600d30) Importer(815301076,1909f56bfc062723c751e8b465ee728b)  -> (artifact id: '992ae94a153274ee65eb7cd875897415') in 0.001551 seconds
  Import took 0.004674 seconds .

========================================================================
Received Prepare
Registering precompiled user dll's ...
Registered in 0.002523 seconds.
Begin MonoManager ReloadAssembly
Native extension for WindowsStandalone target not found
Refreshing native plugins compatible for Editor in 0.50 ms, found 3 plugins.
Preloading 0 native plugins for Editor in 0.00 ms.
Mono: successfully reloaded assembly
- Completed reload, in  0.786 seconds
Platform modules already initialized, skipping
Refreshing native plugins compatible for Editor in 0.50 ms, found 3 plugins.
Preloading 0 native plugins for Editor in 0.00 ms.
Unloading 2087 Unused Serialized files (Serialized files now loaded: 0)
System memory in use before: 97.5 MB.
System memory in use after: 97.5 MB.

Unloading 22 unused Assets to reduce memory usage. Loaded Objects now: 2584.
Total: 1.910800 ms (FindLiveObjects: 0.154000 ms CreateObjectMapping: 0.056700 ms MarkObjects: 1.612600 ms  DeleteObjects: 0.086800 ms)

========================================================================
Received Prepare
Registering precompiled user dll's ...
Registered in 0.002524 seconds.
Begin MonoManager ReloadAssembly
Native extension for WindowsStandalone target not found
Refreshing native plugins compatible for Editor in 0.87 ms, found 3 plugins.
Preloading 0 native plugins for Editor in 0.00 ms.
Mono: successfully reloaded assembly
- Completed reload, in  0.787 seconds
Platform modules already initialized, skipping
Refreshing native plugins compatible for Editor in 0.60 ms, found 3 plugins.
Preloading 0 native plugins for Editor in 0.00 ms.
Unloading 2087 Unused Serialized files (Serialized files now loaded: 0)
System memory in use before: 96.7 MB.
System memory in use after: 96.6 MB.

Unloading 21 unused Assets to reduce memory usage. Loaded Objects now: 2588.
Total: 1.906500 ms (FindLiveObjects: 0.156400 ms CreateObjectMapping: 0.057100 ms MarkObjects: 1.565500 ms  DeleteObjects: 0.126500 ms)

========================================================================
Received Prepare
Registering precompiled user dll's ...
Registered in 0.002370 seconds.
Begin MonoManager ReloadAssembly
Native extension for WindowsStandalone target not found
Refreshing native plugins compatible for Editor in 0.51 ms, found 3 plugins.
Preloading 0 native plugins for Editor in 0.00 ms.
Mono: successfully reloaded assembly
- Completed reload, in  0.796 seconds
Platform modules already initialized, skipping
Refreshing native plugins compatible for Editor in 0.56 ms, found 3 plugins.
Preloading 0 native plugins for Editor in 0.00 ms.
Unloading 2087 Unused Serialized files (Serialized files now loaded: 0)
System memory in use before: 97.0 MB.
System memory in use after: 97.0 MB.

Unloading 21 unused Assets to reduce memory usage. Loaded Objects now: 2592.
Total: 2.004000 ms (FindLiveObjects: 0.179900 ms CreateObjectMapping: 0.066600 ms MarkObjects: 1.638900 ms  DeleteObjects: 0.118000 ms)

========================================================================
Received Import Request.
  Time since last request: 1038.021223 seconds.
  path: Assets/ArtNsprites/spriteAtlas.spriteatlas
  artifactKey: Guid(3446a4e22afd73d449af06bde0aa23bd) Importer(815301076,1909f56bfc062723c751e8b465ee728b)
Start importing Assets/ArtNsprites/spriteAtlas.spriteatlas using Guid(3446a4e22afd73d449af06bde0aa23bd) Importer(815301076,1909f56bfc062723c751e8b465ee728b)  -> (artifact id: '995ab6a36bb5f68a378da0b89ff4c9cb') in 0.013862 seconds
  Import took 0.017155 seconds .

========================================================================
Received Import Request.
  Time since last request: 28.518804 seconds.
  path: Assets/Prefabs/SceneTransition.prefab
  artifactKey: Guid(b001cbffec4db264caba64612452a4a3) Importer(815301076,1909f56bfc062723c751e8b465ee728b)
Start importing Assets/Prefabs/SceneTransition.prefab using Guid(b001cbffec4db264caba64612452a4a3) Importer(815301076,1909f56bfc062723c751e8b465ee728b)  -> (artifact id: '9ad66dabba4544be0ebd5525cb5cc7f6') in 0.010647 seconds
  Import took 0.013627 seconds .

========================================================================
Received Import Request.
  Time since last request: 0.001645 seconds.
  path: Assets/Prefabs/SceneTransition.prefab
  artifactKey: Guid(b001cbffec4db264caba64612452a4a3) Importer(815301076,1909f56bfc062723c751e8b465ee728b)
Start importing Assets/Prefabs/SceneTransition.prefab using Guid(b001cbffec4db264caba64612452a4a3) Importer(815301076,1909f56bfc062723c751e8b465ee728b)  -> (artifact id: '9ad66dabba4544be0ebd5525cb5cc7f6') in 0.002262 seconds
  Import took 0.005324 seconds .

========================================================================
Received Import Request.
  Time since last request: 18.364333 seconds.
  path: Assets/Scripts/SceneTransition.cs
  artifactKey: Guid(414e560ffc0ebad4a89c884caee1d5fa) Importer(815301076,1909f56bfc062723c751e8b465ee728b)
Start importing Assets/Scripts/SceneTransition.cs using Guid(414e560ffc0ebad4a89c884caee1d5fa) Importer(815301076,1909f56bfc062723c751e8b465ee728b)  -> (artifact id: 'dbadb15eb0bd60ad283acc7f7d54d600') in 0.018626 seconds
  Import took 0.021532 seconds .

========================================================================
Received Prepare
Registering precompiled user dll's ...
Registered in 0.002465 seconds.
Begin MonoManager ReloadAssembly
Native extension for WindowsStandalone target not found
Refreshing native plugins compatible for Editor in 0.81 ms, found 3 plugins.
Preloading 0 native plugins for Editor in 0.00 ms.
Mono: successfully reloaded assembly
- Completed reload, in  0.919 seconds
Platform modules already initialized, skipping
Refreshing native plugins compatible for Editor in 0.51 ms, found 3 plugins.
Preloading 0 native plugins for Editor in 0.00 ms.
Unloading 2088 Unused Serialized files (Serialized files now loaded: 0)
System memory in use before: 97.6 MB.
System memory in use after: 97.6 MB.

Unloading 22 unused Assets to reduce memory usage. Loaded Objects now: 2597.
Total: 2.091500 ms (FindLiveObjects: 0.198200 ms CreateObjectMapping: 0.102600 ms MarkObjects: 1.684800 ms  DeleteObjects: 0.105200 ms)

========================================================================
Received Prepare
Registering precompiled user dll's ...
Registered in 0.002833 seconds.
Begin MonoManager ReloadAssembly
Native extension for WindowsStandalone target not found
Refreshing native plugins compatible for Editor in 0.53 ms, found 3 plugins.
Preloading 0 native plugins for Editor in 0.00 ms.
Mono: successfully reloaded assembly
- Completed reload, in  0.826 seconds
Platform modules already initialized, skipping
Refreshing native plugins compatible for Editor in 0.52 ms, found 3 plugins.
Preloading 0 native plugins for Editor in 0.00 ms.
Unloading 2088 Unused Serialized files (Serialized files now loaded: 0)
System memory in use before: 97.1 MB.
System memory in use after: 97.0 MB.

Unloading 21 unused Assets to reduce memory usage. Loaded Objects now: 2601.
Total: 2.203400 ms (FindLiveObjects: 0.153000 ms CreateObjectMapping: 0.056100 ms MarkObjects: 1.798400 ms  DeleteObjects: 0.195000 ms)

========================================================================
Received Import Request.
  Time since last request: 220.510661 seconds.
  path: Assets/Scenes/SampleScene.unity
  artifactKey: Guid(2cda990e2423bbf4892e6590ba056729) Importer(815301076,1909f56bfc062723c751e8b465ee728b)
Start importing Assets/Scenes/SampleScene.unity using Guid(2cda990e2423bbf4892e6590ba056729) Importer(815301076,1909f56bfc062723c751e8b465ee728b)  -> (artifact id: '5685c65b5e12e7c4d2aa82dd8d0a8377') in 0.010340 seconds
  Import took 0.013707 seconds .

========================================================================
Received Import Request.
  Time since last request: 14.062340 seconds.
  path: Assets/Scenes/OverWorldHouseExit.unity
  artifactKey: Guid(2cda990e2423bbf4892e6590ba056729) Importer(815301076,1909f56bfc062723c751e8b465ee728b)
Start importing Assets/Scenes/OverWorldHouseExit.unity using Guid(2cda990e2423bbf4892e6590ba056729) Importer(815301076,1909f56bfc062723c751e8b465ee728b)  -> (artifact id: '73f60807d1241f4d0947d5471ec70381') in 0.001849 seconds
  Import took 0.005320 seconds .

========================================================================
Received Import Request.
  Time since last request: 70.707181 seconds.
  path: Assets/Scenes/OverWorld.unity
  artifactKey: Guid(2cda990e2423bbf4892e6590ba056729) Importer(815301076,1909f56bfc062723c751e8b465ee728b)
Start importing Assets/Scenes/OverWorld.unity using Guid(2cda990e2423bbf4892e6590ba056729) Importer(815301076,1909f56bfc062723c751e8b465ee728b)  -> (artifact id: 'edb0cacb497e36ebfdbca5a3bd69dc74') in 0.001718 seconds
  Import took 0.005314 seconds .

========================================================================
Received Prepare
Registering precompiled user dll's ...
Registered in 0.002460 seconds.
Begin MonoManager ReloadAssembly
Native extension for WindowsStandalone target not found
Refreshing native plugins compatible for Editor in 0.51 ms, found 3 plugins.
Preloading 0 native plugins for Editor in 0.00 ms.
Mono: successfully reloaded assembly
- Completed reload, in  0.777 seconds
Platform modules already initialized, skipping
Refreshing native plugins compatible for Editor in 0.54 ms, found 3 plugins.
Preloading 0 native plugins for Editor in 0.00 ms.
Unloading 2088 Unused Serialized files (Serialized files now loaded: 0)
System memory in use before: 97.1 MB.
System memory in use after: 97.0 MB.

Unloading 21 unused Assets to reduce memory usage. Loaded Objects now: 2605.
Total: 1.872100 ms (FindLiveObjects: 0.166100 ms CreateObjectMapping: 0.062600 ms MarkObjects: 1.554900 ms  DeleteObjects: 0.087600 ms)

========================================================================
Received Import Request.
  Time since last request: 73.937369 seconds.
  path: Assets/ScriptableObj/VectorValue.cs
  artifactKey: Guid(ac0130079d4acfd488f20c3f96ab9494) Importer(815301076,1909f56bfc062723c751e8b465ee728b)
Start importing Assets/ScriptableObj/VectorValue.cs using Guid(ac0130079d4acfd488f20c3f96ab9494) Importer(815301076,1909f56bfc062723c751e8b465ee728b)  -> (artifact id: '4a866cdbd04a2b9b6c28923b1eeb7db4') in 0.004200 seconds
  Import took 0.007466 seconds .

========================================================================
Received Prepare
Registering precompiled user dll's ...
Registered in 0.002467 seconds.
Begin MonoManager ReloadAssembly
Native extension for WindowsStandalone target not found
Refreshing native plugins compatible for Editor in 0.70 ms, found 3 plugins.
Preloading 0 native plugins for Editor in 0.00 ms.
Mono: successfully reloaded assembly
- Completed reload, in  0.822 seconds
Platform modules already initialized, skipping
Refreshing native plugins compatible for Editor in 0.51 ms, found 3 plugins.
Preloading 0 native plugins for Editor in 0.00 ms.
Unloading 2089 Unused Serialized files (Serialized files now loaded: 0)
System memory in use before: 97.1 MB.
System memory in use after: 97.1 MB.

Unloading 21 unused Assets to reduce memory usage. Loaded Objects now: 2610.
Total: 1.814200 ms (FindLiveObjects: 0.163000 ms CreateObjectMapping: 0.058600 ms MarkObjects: 1.502200 ms  DeleteObjects: 0.089700 ms)

========================================================================
Received Prepare
Registering precompiled user dll's ...
Registered in 0.003130 seconds.
Begin MonoManager ReloadAssembly
Native extension for WindowsStandalone target not found
Refreshing native plugins compatible for Editor in 0.93 ms, found 3 plugins.
Preloading 0 native plugins for Editor in 0.00 ms.
Mono: successfully reloaded assembly
- Completed reload, in  0.789 seconds
Platform modules already initialized, skipping
Refreshing native plugins compatible for Editor in 0.50 ms, found 3 plugins.
Preloading 0 native plugins for Editor in 0.00 ms.
Unloading 2089 Unused Serialized files (Serialized files now loaded: 0)
System memory in use before: 97.1 MB.
System memory in use after: 97.1 MB.

Unloading 21 unused Assets to reduce memory usage. Loaded Objects now: 2614.
Total: 1.998500 ms (FindLiveObjects: 0.155500 ms CreateObjectMapping: 0.059100 ms MarkObjects: 1.672500 ms  DeleteObjects: 0.110800 ms)

========================================================================
Received Import Request.
  Time since last request: 75.378719 seconds.
  path: Assets/ScriptableObj/VectorValue.cs
  artifactKey: Guid(ac0130079d4acfd488f20c3f96ab9494) Importer(815301076,1909f56bfc062723c751e8b465ee728b)
Start importing Assets/ScriptableObj/VectorValue.cs using Guid(ac0130079d4acfd488f20c3f96ab9494) Importer(815301076,1909f56bfc062723c751e8b465ee728b)  -> (artifact id: '8fc141ce5faaa2b458c9b518b5d0c21d') in 0.003588 seconds
  Import took 0.006121 seconds .

========================================================================
Received Prepare
Registering precompiled user dll's ...
Registered in 0.002524 seconds.
Begin MonoManager ReloadAssembly
Native extension for WindowsStandalone target not found
Refreshing native plugins compatible for Editor in 0.65 ms, found 3 plugins.
Preloading 0 native plugins for Editor in 0.00 ms.
Mono: successfully reloaded assembly
- Completed reload, in  0.822 seconds
Platform modules already initialized, skipping
Refreshing native plugins compatible for Editor in 0.51 ms, found 3 plugins.
Preloading 0 native plugins for Editor in 0.00 ms.
Unloading 2089 Unused Serialized files (Serialized files now loaded: 0)
System memory in use before: 97.1 MB.
System memory in use after: 97.1 MB.

Unloading 21 unused Assets to reduce memory usage. Loaded Objects now: 2618.
Total: 1.819700 ms (FindLiveObjects: 0.162100 ms CreateObjectMapping: 0.066300 ms MarkObjects: 1.504900 ms  DeleteObjects: 0.085700 ms)

========================================================================
Received Import Request.
  Time since last request: 58.472724 seconds.
  path: Assets/ScriptableObj/New Vector Value.asset
  artifactKey: Guid(be7c10eed8bf65f4e9b82e68687cc802) Importer(815301076,1909f56bfc062723c751e8b465ee728b)
Start importing Assets/ScriptableObj/New Vector Value.asset using Guid(be7c10eed8bf65f4e9b82e68687cc802) Importer(815301076,1909f56bfc062723c751e8b465ee728b)  -> (artifact id: 'fa7578afcef6efff8b8025a29e387ed5') in 0.014810 seconds
  Import took 0.018234 seconds .

========================================================================
Received Import Request.
  Time since last request: 12.554465 seconds.
  path: Assets/ScriptableObj/PlayerPosition.asset
  artifactKey: Guid(be7c10eed8bf65f4e9b82e68687cc802) Importer(815301076,1909f56bfc062723c751e8b465ee728b)
Start importing Assets/ScriptableObj/PlayerPosition.asset using Guid(be7c10eed8bf65f4e9b82e68687cc802) Importer(815301076,1909f56bfc062723c751e8b465ee728b)  -> (artifact id: 'cfed20e8eb8040b3235213de0dd63364') in 0.002017 seconds
  Import took 0.005146 seconds .

========================================================================
Received Import Request.
  Time since last request: 0.002587 seconds.
  path: Assets/ScriptableObj/PlayerPosition.asset
  artifactKey: Guid(be7c10eed8bf65f4e9b82e68687cc802) Importer(815301076,1909f56bfc062723c751e8b465ee728b)
Start importing Assets/ScriptableObj/PlayerPosition.asset using Guid(be7c10eed8bf65f4e9b82e68687cc802) Importer(815301076,1909f56bfc062723c751e8b465ee728b)  -> (artifact id: 'cfed20e8eb8040b3235213de0dd63364') in 0.002204 seconds
  Import took 0.006506 seconds .

========================================================================
Received Prepare
Registering precompiled user dll's ...
Registered in 0.002827 seconds.
Begin MonoManager ReloadAssembly
Native extension for WindowsStandalone target not found
Refreshing native plugins compatible for Editor in 0.50 ms, found 3 plugins.
Preloading 0 native plugins for Editor in 0.00 ms.
Mono: successfully reloaded assembly
- Completed reload, in  0.788 seconds
Platform modules already initialized, skipping
Refreshing native plugins compatible for Editor in 0.51 ms, found 3 plugins.
Preloading 0 native plugins for Editor in 0.00 ms.
Unloading 2089 Unused Serialized files (Serialized files now loaded: 0)
System memory in use before: 97.1 MB.
System memory in use after: 97.1 MB.

Unloading 21 unused Assets to reduce memory usage. Loaded Objects now: 2622.
Total: 1.828400 ms (FindLiveObjects: 0.156400 ms CreateObjectMapping: 0.058500 ms MarkObjects: 1.521600 ms  DeleteObjects: 0.091000 ms)

========================================================================
Received Import Request.
  Time since last request: 219.433391 seconds.
  path: Assets/Scenes/IntroHouse.unity
  artifactKey: Guid(dc0d1373b8d45ad49bcf7b53ef600d30) Importer(815301076,1909f56bfc062723c751e8b465ee728b)
Start importing Assets/Scenes/IntroHouse.unity using Guid(dc0d1373b8d45ad49bcf7b53ef600d30) Importer(815301076,1909f56bfc062723c751e8b465ee728b)  -> (artifact id: 'e54fa3380956fc01eed5c3aba4afbd39') in 0.010533 seconds
  Import took 0.013802 seconds .

========================================================================
Received Import Request.
  Time since last request: 23.291736 seconds.
  path: Assets/Scenes/OverWorld.unity
  artifactKey: Guid(2cda990e2423bbf4892e6590ba056729) Importer(815301076,1909f56bfc062723c751e8b465ee728b)
Start importing Assets/Scenes/OverWorld.unity using Guid(2cda990e2423bbf4892e6590ba056729) Importer(815301076,1909f56bfc062723c751e8b465ee728b)  -> (artifact id: '5bee1a262c92846a1bf337b136e8f0c8') in 0.001476 seconds
  Import took 0.004457 seconds .

========================================================================
Received Import Request.
  Time since last request: 0.008283 seconds.
  path: Assets/Scenes/OverWorld.unity
  artifactKey: Guid(2cda990e2423bbf4892e6590ba056729) Importer(815301076,1909f56bfc062723c751e8b465ee728b)
Start importing Assets/Scenes/OverWorld.unity using Guid(2cda990e2423bbf4892e6590ba056729) Importer(815301076,1909f56bfc062723c751e8b465ee728b)  -> (artifact id: '5bee1a262c92846a1bf337b136e8f0c8') in 0.001800 seconds
  Import took 0.004587 seconds .

========================================================================
Received Prepare
Registering precompiled user dll's ...
Registered in 0.002612 seconds.
Begin MonoManager ReloadAssembly
Native extension for WindowsStandalone target not found
Refreshing native plugins compatible for Editor in 0.50 ms, found 3 plugins.
Preloading 0 native plugins for Editor in 0.00 ms.
Mono: successfully reloaded assembly
- Completed reload, in  0.769 seconds
Platform modules already initialized, skipping
Refreshing native plugins compatible for Editor in 0.51 ms, found 3 plugins.
Preloading 0 native plugins for Editor in 0.00 ms.
Unloading 2089 Unused Serialized files (Serialized files now loaded: 0)
System memory in use before: 97.1 MB.
System memory in use after: 97.1 MB.

Unloading 21 unused Assets to reduce memory usage. Loaded Objects now: 2626.
Total: 1.947100 ms (FindLiveObjects: 0.173000 ms CreateObjectMapping: 0.067100 ms MarkObjects: 1.610700 ms  DeleteObjects: 0.095400 ms)

========================================================================
Received Prepare
Registering precompiled user dll's ...
Registered in 0.002392 seconds.
Begin MonoManager ReloadAssembly
Native extension for WindowsStandalone target not found
Refreshing native plugins compatible for Editor in 0.57 ms, found 3 plugins.
Preloading 0 native plugins for Editor in 0.00 ms.
Mono: successfully reloaded assembly
- Completed reload, in  0.795 seconds
Platform modules already initialized, skipping
Refreshing native plugins compatible for Editor in 0.59 ms, found 3 plugins.
Preloading 0 native plugins for Editor in 0.00 ms.
Unloading 2089 Unused Serialized files (Serialized files now loaded: 0)
System memory in use before: 97.2 MB.
System memory in use after: 97.1 MB.

Unloading 21 unused Assets to reduce memory usage. Loaded Objects now: 2630.
Total: 1.855400 ms (FindLiveObjects: 0.169800 ms CreateObjectMapping: 0.061200 ms MarkObjects: 1.533600 ms  DeleteObjects: 0.090200 ms)

========================================================================
Received Import Request.
  Time since last request: 59.598265 seconds.
  path: Assets/Scenes/IntroHouse.unity
  artifactKey: Guid(dc0d1373b8d45ad49bcf7b53ef600d30) Importer(815301076,1909f56bfc062723c751e8b465ee728b)
Start importing Assets/Scenes/IntroHouse.unity using Guid(dc0d1373b8d45ad49bcf7b53ef600d30) Importer(815301076,1909f56bfc062723c751e8b465ee728b)  -> (artifact id: '32932ff7e8a5dd40c20a2089052cb88a') in 0.011348 seconds
  Import took 0.014687 seconds .

========================================================================
Received Import Request.
  Time since last request: 64.296226 seconds.
  path: Assets/Prefabs/Player.prefab
  artifactKey: Guid(b58a54389af46e84c9a384cfe6b55d0f) Importer(815301076,1909f56bfc062723c751e8b465ee728b)
Start importing Assets/Prefabs/Player.prefab using Guid(b58a54389af46e84c9a384cfe6b55d0f) Importer(815301076,1909f56bfc062723c751e8b465ee728b)  -> (artifact id: '123ee9e6346821d5424541f416141b8e') in 0.048490 seconds
  Import took 0.053368 seconds .

========================================================================
Received Import Request.
  Time since last request: 113.428724 seconds.
  path: Assets/Scenes/OverWorld.unity
  artifactKey: Guid(2cda990e2423bbf4892e6590ba056729) Importer(815301076,1909f56bfc062723c751e8b465ee728b)
Start importing Assets/Scenes/OverWorld.unity using Guid(2cda990e2423bbf4892e6590ba056729) Importer(815301076,1909f56bfc062723c751e8b465ee728b)  -> (artifact id: 'a13a180976b50fa37ee6850da9da6a4b') in 0.001898 seconds
  Import took 0.004838 seconds .

========================================================================
Received Prepare
Registering precompiled user dll's ...
Registered in 0.002939 seconds.
Begin MonoManager ReloadAssembly
Native extension for WindowsStandalone target not found
Refreshing native plugins compatible for Editor in 1.10 ms, found 3 plugins.
Preloading 0 native plugins for Editor in 0.00 ms.
Mono: successfully reloaded assembly
- Completed reload, in  0.894 seconds
Platform modules already initialized, skipping
Refreshing native plugins compatible for Editor in 0.57 ms, found 3 plugins.
Preloading 0 native plugins for Editor in 0.00 ms.
Unloading 2089 Unused Serialized files (Serialized files now loaded: 0)
System memory in use before: 97.7 MB.
System memory in use after: 97.7 MB.

Unloading 22 unused Assets to reduce memory usage. Loaded Objects now: 2635.
Total: 2.238900 ms (FindLiveObjects: 0.188100 ms CreateObjectMapping: 0.072900 ms MarkObjects: 1.846600 ms  DeleteObjects: 0.130100 ms)

========================================================================
Received Import Request.
  Time since last request: 50.505279 seconds.
  path: Assets/Scenes/IntroHouse.unity
  artifactKey: Guid(dc0d1373b8d45ad49bcf7b53ef600d30) Importer(815301076,1909f56bfc062723c751e8b465ee728b)
Start importing Assets/Scenes/IntroHouse.unity using Guid(dc0d1373b8d45ad49bcf7b53ef600d30) Importer(815301076,1909f56bfc062723c751e8b465ee728b)  -> (artifact id: 'ca9cf8eb5b5b8929a41ad9feebde76c3') in 0.009976 seconds
  Import took 0.013579 seconds .

========================================================================
Received Prepare
Registering precompiled user dll's ...
Registered in 0.002335 seconds.
Begin MonoManager ReloadAssembly
Native extension for WindowsStandalone target not found
Refreshing native plugins compatible for Editor in 0.50 ms, found 3 plugins.
Preloading 0 native plugins for Editor in 0.00 ms.
Mono: successfully reloaded assembly
- Completed reload, in  0.774 seconds
Platform modules already initialized, skipping
Refreshing native plugins compatible for Editor in 0.50 ms, found 3 plugins.
Preloading 0 native plugins for Editor in 0.00 ms.
Unloading 2089 Unused Serialized files (Serialized files now loaded: 0)
System memory in use before: 97.2 MB.
System memory in use after: 97.2 MB.

Unloading 21 unused Assets to reduce memory usage. Loaded Objects now: 2639.
Total: 1.816300 ms (FindLiveObjects: 0.158900 ms CreateObjectMapping: 0.058800 ms MarkObjects: 1.509400 ms  DeleteObjects: 0.088400 ms)

========================================================================
Received Prepare
Registering precompiled user dll's ...
Registered in 0.002561 seconds.
Begin MonoManager ReloadAssembly
Native extension for WindowsStandalone target not found
Refreshing native plugins compatible for Editor in 0.57 ms, found 3 plugins.
Preloading 0 native plugins for Editor in 0.00 ms.
Mono: successfully reloaded assembly
- Completed reload, in  0.804 seconds
Platform modules already initialized, skipping
Refreshing native plugins compatible for Editor in 0.50 ms, found 3 plugins.
Preloading 0 native plugins for Editor in 0.00 ms.
Unloading 2089 Unused Serialized files (Serialized files now loaded: 0)
System memory in use before: 97.2 MB.
System memory in use after: 97.2 MB.

Unloading 21 unused Assets to reduce memory usage. Loaded Objects now: 2643.
Total: 1.890800 ms (FindLiveObjects: 0.183200 ms CreateObjectMapping: 0.066500 ms MarkObjects: 1.550200 ms  DeleteObjects: 0.090000 ms)

========================================================================
Received Prepare
Registering precompiled user dll's ...
Registered in 0.002252 seconds.
Begin MonoManager ReloadAssembly
Native extension for WindowsStandalone target not found
Refreshing native plugins compatible for Editor in 0.50 ms, found 3 plugins.
Preloading 0 native plugins for Editor in 0.00 ms.
Mono: successfully reloaded assembly
- Completed reload, in  0.799 seconds
Platform modules already initialized, skipping
Refreshing native plugins compatible for Editor in 0.51 ms, found 3 plugins.
Preloading 0 native plugins for Editor in 0.00 ms.
Unloading 2089 Unused Serialized files (Serialized files now loaded: 0)
System memory in use before: 97.2 MB.
System memory in use after: 97.2 MB.

Unloading 21 unused Assets to reduce memory usage. Loaded Objects now: 2647.
Total: 2.347000 ms (FindLiveObjects: 0.162300 ms CreateObjectMapping: 0.058300 ms MarkObjects: 2.022100 ms  DeleteObjects: 0.103500 ms)

========================================================================
Received Prepare
Registering precompiled user dll's ...
Registered in 0.002551 seconds.
Begin MonoManager ReloadAssembly
Native extension for WindowsStandalone target not found
Refreshing native plugins compatible for Editor in 0.50 ms, found 3 plugins.
Preloading 0 native plugins for Editor in 0.00 ms.
Mono: successfully reloaded assembly
- Completed reload, in  0.777 seconds
Platform modules already initialized, skipping
Refreshing native plugins compatible for Editor in 0.58 ms, found 3 plugins.
Preloading 0 native plugins for Editor in 0.00 ms.
Unloading 2089 Unused Serialized files (Serialized files now loaded: 0)
System memory in use before: 96.9 MB.
System memory in use after: 96.9 MB.

Unloading 21 unused Assets to reduce memory usage. Loaded Objects now: 2651.
Total: 1.950200 ms (FindLiveObjects: 0.166900 ms CreateObjectMapping: 0.057900 ms MarkObjects: 1.588800 ms  DeleteObjects: 0.135800 ms)

========================================================================
Received Prepare
Registering precompiled user dll's ...
Registered in 0.002587 seconds.
Begin MonoManager ReloadAssembly
Native extension for WindowsStandalone target not found
Refreshing native plugins compatible for Editor in 0.58 ms, found 3 plugins.
Preloading 0 native plugins for Editor in 0.00 ms.
Mono: successfully reloaded assembly
- Completed reload, in  0.765 seconds
Platform modules already initialized, skipping
Refreshing native plugins compatible for Editor in 0.51 ms, found 3 plugins.
Preloading 0 native plugins for Editor in 0.00 ms.
Unloading 2089 Unused Serialized files (Serialized files now loaded: 0)
System memory in use before: 96.9 MB.
System memory in use after: 96.9 MB.

Unloading 21 unused Assets to reduce memory usage. Loaded Objects now: 2655.
Total: 1.993600 ms (FindLiveObjects: 0.162500 ms CreateObjectMapping: 0.057100 ms MarkObjects: 1.644100 ms  DeleteObjects: 0.129000 ms)

========================================================================
Received Prepare
Registering precompiled user dll's ...
Registered in 0.002689 seconds.
Begin MonoManager ReloadAssembly
Native extension for WindowsStandalone target not found
Refreshing native plugins compatible for Editor in 0.51 ms, found 3 plugins.
Preloading 0 native plugins for Editor in 0.00 ms.
Mono: successfully reloaded assembly
- Completed reload, in  0.776 seconds
Platform modules already initialized, skipping
Refreshing native plugins compatible for Editor in 0.52 ms, found 3 plugins.
Preloading 0 native plugins for Editor in 0.00 ms.
Unloading 2089 Unused Serialized files (Serialized files now loaded: 0)
System memory in use before: 97.2 MB.
System memory in use after: 97.2 MB.

Unloading 21 unused Assets to reduce memory usage. Loaded Objects now: 2659.
Total: 1.968400 ms (FindLiveObjects: 0.178700 ms CreateObjectMapping: 0.066100 ms MarkObjects: 1.631700 ms  DeleteObjects: 0.091100 ms)

========================================================================
Received Prepare
Registering precompiled user dll's ...
Registered in 0.002797 seconds.
Begin MonoManager ReloadAssembly
Native extension for WindowsStandalone target not found
Refreshing native plugins compatible for Editor in 0.53 ms, found 3 plugins.
Preloading 0 native plugins for Editor in 0.00 ms.
Mono: successfully reloaded assembly
- Completed reload, in  0.866 seconds
Platform modules already initialized, skipping
Refreshing native plugins compatible for Editor in 0.51 ms, found 3 plugins.
Preloading 0 native plugins for Editor in 0.00 ms.
Unloading 2089 Unused Serialized files (Serialized files now loaded: 0)
System memory in use before: 97.2 MB.
System memory in use after: 97.2 MB.

Unloading 21 unused Assets to reduce memory usage. Loaded Objects now: 2663.
Total: 2.129700 ms (FindLiveObjects: 0.173800 ms CreateObjectMapping: 0.062100 ms MarkObjects: 1.786300 ms  DeleteObjects: 0.106700 ms)

AssetImportWorkerClient::OnTransportError - code=2 error=End of file
