Using pre-set license
Built from '2020.3/staging' branch; Version is '2020.3.10f1 (297d780c91bc) revision 2719096'; Using compiler version '192528614'; Build Type 'Release'
OS: 'Windows 10 Education; OS build 19042.1165; Version 2009; 64bit' Language: 'en' Physical Memory: 16326 MB
BatchMode: 1, IsHumanControllingUs: 0, StartBugReporterOnCrash: 0, Is64bit: 1, IsPro: 0

 COMMAND LINE ARGUMENTS:
F:\Unity\2019.4.17f1\Editor\Unity.exe
-adb2
-batchMode
-noUpm
-name
AssetImportWorker1
-projectPath
F:/Git/Games/Rpg/Rpg/MyRpg
-logFile
Logs/AssetImportWorker1.log
-srvPort
53027
Successfully changed project path to: F:/Git/Games/Rpg/Rpg/MyRpg
F:/Git/Games/Rpg/Rpg/MyRpg
Using Asset Import Pipeline V2.
Refreshing native plugins compatible for Editor in 49.52 ms, found 3 plugins.
Preloading 0 native plugins for Editor in 0.00 ms.
Initialize engine version: 2020.3.10f1 (297d780c91bc)
[Subsystems] Discovering subsystems at path F:/Unity/2019.4.17f1/Editor/Data/Resources/UnitySubsystems
[Subsystems] Discovering subsystems at path F:/Git/Games/Rpg/Rpg/MyRpg/Assets
GfxDevice: creating device client; threaded=0
Direct3D:
    Version:  Direct3D 11.0 [level 11.1]
    Renderer: NVIDIA GeForce RTX 2060 SUPER (ID=0x1f06)
    Vendor:   
    VRAM:     8031 MB
    Driver:   30.0.14.7111
Initialize mono
Mono path[0] = 'F:/Unity/2019.4.17f1/Editor/Data/Managed'
Mono path[1] = 'F:/Unity/2019.4.17f1/Editor/Data/MonoBleedingEdge/lib/mono/unityjit'
Mono config path = 'F:/Unity/2019.4.17f1/Editor/Data/MonoBleedingEdge/etc'
Using monoOptions --debugger-agent=transport=dt_socket,embedding=1,server=y,suspend=n,address=127.0.0.1:56440
Begin MonoManager ReloadAssembly
Registering precompiled unity dll's ...
Register platform support module: F:/Unity/2019.4.17f1/Editor/Data/PlaybackEngines/WindowsStandaloneSupport/UnityEditor.WindowsStandalone.Extensions.dll
Registered in 0.000930 seconds.
Native extension for WindowsStandalone target not found
Refreshing native plugins compatible for Editor in 56.98 ms, found 3 plugins.
Preloading 0 native plugins for Editor in 0.00 ms.
Mono: successfully reloaded assembly
- Completed reload, in  0.857 seconds
Platform modules already initialized, skipping
Registering precompiled user dll's ...
Registered in 0.003817 seconds.
Begin MonoManager ReloadAssembly
Native extension for WindowsStandalone target not found
Refreshing native plugins compatible for Editor in 48.69 ms, found 3 plugins.
Preloading 0 native plugins for Editor in 0.00 ms.
Mono: successfully reloaded assembly
- Completed reload, in  4.586 seconds
Platform modules already initialized, skipping
========================================================================
Worker process is ready to serve import requests
Launched and connected shader compiler UnityShaderCompiler.exe after 0.07 seconds
Refreshing native plugins compatible for Editor in 0.93 ms, found 3 plugins.
Preloading 0 native plugins for Editor in 0.00 ms.
Unloading 2297 Unused Serialized files (Serialized files now loaded: 0)
System memory in use before: 102.6 MB.
System memory in use after: 102.6 MB.

Unloading 36 unused Assets to reduce memory usage. Loaded Objects now: 2736.
Total: 2.404600 ms (FindLiveObjects: 0.434100 ms CreateObjectMapping: 0.163800 ms MarkObjects: 1.680600 ms  DeleteObjects: 0.124300 ms)

========================================================================
Received Import Request.
  path: Assets/Scripts/Player/PlayerMovement.cs
  artifactKey: Guid(ccbb20617125300499da47965cf3b9b5) Importer(815301076,1909f56bfc062723c751e8b465ee728b)
Start importing Assets/Scripts/Player/PlayerMovement.cs using Guid(ccbb20617125300499da47965cf3b9b5) Importer(815301076,1909f56bfc062723c751e8b465ee728b)  -> (artifact id: '7d1bdff3f14a86cec67798ffa69f5a55') in 0.019006 seconds
  Import took 0.030839 seconds .

========================================================================
Received Prepare
Refreshing native plugins compatible for Editor in 3.39 ms, found 3 plugins.
Preloading 0 native plugins for Editor in 0.00 ms.
Unloading 21 Unused Serialized files (Serialized files now loaded: 0)
System memory in use before: 57.3 MB.
System memory in use after: 57.4 MB.

Unloading 21 unused Assets to reduce memory usage. Loaded Objects now: 2736.
Total: 1.954500 ms (FindLiveObjects: 0.196300 ms CreateObjectMapping: 0.086000 ms MarkObjects: 1.558600 ms  DeleteObjects: 0.113000 ms)

AssetImportWorkerClient::OnTransportError - code=2 error=End of file
